2025-01-07 22:11:54.231 [main] INFO  com.khoilnm.ims.ImsApplication [] [anonymous] - Starting ImsApplication using Java 22.0.1 with PID 7464 (C:\Users\Le Nhat Minh Khoi\Desktop\ims-II\ims\target\classes started by Le Nhat Minh Khoi in C:\Users\Le Nhat Minh Khoi\Desktop\ims-II\ims)
2025-01-07 22:11:54.235 [main] INFO  com.khoilnm.ims.ImsApplication [] [anonymous] - No active profile set, falling back to 1 default profile: "default"
2025-01-07 22:11:56.899 [main] INFO  com.zaxxer.hikari.HikariDataSource [] [anonymous] - HikariPool-1 - Starting...
2025-01-07 22:11:57.170 [main] INFO  com.zaxxer.hikari.pool.HikariPool [] [anonymous] - HikariPool-1 - Added connection com.mysql.cj.jdbc.ConnectionImpl@3b3546a3
2025-01-07 22:11:57.173 [main] INFO  com.zaxxer.hikari.HikariDataSource [] [anonymous] - HikariPool-1 - Start completed.
2025-01-07 22:12:05.832 [main] WARN  o.s.b.w.s.c.AnnotationConfigServletWebServerApplicationContext [] [anonymous] - Exception encountered during context initialization - cancelling refresh attempt: org.springframework.beans.factory.UnsatisfiedDependencyException: Error creating bean with name 'beanConfig' defined in file [C:\Users\Le Nhat Minh Khoi\Desktop\ims-II\ims\target\classes\com\khoilnm\ims\configuration\BeanConfig.class]: Unsatisfied dependency expressed through constructor parameter 0: Error creating bean with name 'userDetailsServiceImpl' defined in file [C:\Users\Le Nhat Minh Khoi\Desktop\ims-II\ims\target\classes\com\khoilnm\ims\serviceImpl\UserDetailsServiceImpl.class]: Unsatisfied dependency expressed through constructor parameter 1: Error creating bean with name 'messageSource': Requested bean is currently in creation: Is there an unresolvable circular reference or an asynchronous initialization dependency?
2025-01-07 22:12:05.838 [main] INFO  com.zaxxer.hikari.HikariDataSource [] [anonymous] - HikariPool-1 - Shutdown initiated...
2025-01-07 22:12:05.855 [main] INFO  com.zaxxer.hikari.HikariDataSource [] [anonymous] - HikariPool-1 - Shutdown completed.
2025-01-07 22:12:05.927 [main] ERROR o.s.boot.SpringApplication [] [anonymous] - Application run failed
org.springframework.beans.factory.UnsatisfiedDependencyException: Error creating bean with name 'beanConfig' defined in file [C:\Users\Le Nhat Minh Khoi\Desktop\ims-II\ims\target\classes\com\khoilnm\ims\configuration\BeanConfig.class]: Unsatisfied dependency expressed through constructor parameter 0: Error creating bean with name 'userDetailsServiceImpl' defined in file [C:\Users\Le Nhat Minh Khoi\Desktop\ims-II\ims\target\classes\com\khoilnm\ims\serviceImpl\UserDetailsServiceImpl.class]: Unsatisfied dependency expressed through constructor parameter 1: Error creating bean with name 'messageSource': Requested bean is currently in creation: Is there an unresolvable circular reference or an asynchronous initialization dependency?
	at org.springframework.beans.factory.support.ConstructorResolver.createArgumentArray(ConstructorResolver.java:804)
	at org.springframework.beans.factory.support.ConstructorResolver.autowireConstructor(ConstructorResolver.java:240)
	at org.springframework.beans.factory.support.AbstractAutowireCapableBeanFactory.autowireConstructor(AbstractAutowireCapableBeanFactory.java:1377)
	at org.springframework.beans.factory.support.AbstractAutowireCapableBeanFactory.createBeanInstance(AbstractAutowireCapableBeanFactory.java:1214)
	at org.springframework.beans.factory.support.AbstractAutowireCapableBeanFactory.doCreateBean(AbstractAutowireCapableBeanFactory.java:563)
	at org.springframework.beans.factory.support.AbstractAutowireCapableBeanFactory.createBean(AbstractAutowireCapableBeanFactory.java:523)
	at org.springframework.beans.factory.support.AbstractBeanFactory.lambda$doGetBean$0(AbstractBeanFactory.java:336)
	at org.springframework.beans.factory.support.DefaultSingletonBeanRegistry.getSingleton(DefaultSingletonBeanRegistry.java:289)
	at org.springframework.beans.factory.support.AbstractBeanFactory.doGetBean(AbstractBeanFactory.java:334)
	at org.springframework.beans.factory.support.AbstractBeanFactory.getBean(AbstractBeanFactory.java:199)
	at org.springframework.beans.factory.support.ConstructorResolver.instantiateUsingFactoryMethod(ConstructorResolver.java:413)
	at org.springframework.beans.factory.support.AbstractAutowireCapableBeanFactory.instantiateUsingFactoryMethod(AbstractAutowireCapableBeanFactory.java:1357)
	at org.springframework.beans.factory.support.AbstractAutowireCapableBeanFactory.createBeanInstance(AbstractAutowireCapableBeanFactory.java:1187)
	at org.springframework.beans.factory.support.AbstractAutowireCapableBeanFactory.doCreateBean(AbstractAutowireCapableBeanFactory.java:563)
	at org.springframework.beans.factory.support.AbstractAutowireCapableBeanFactory.createBean(AbstractAutowireCapableBeanFactory.java:523)
	at org.springframework.beans.factory.support.AbstractBeanFactory.lambda$doGetBean$0(AbstractBeanFactory.java:336)
	at org.springframework.beans.factory.support.DefaultSingletonBeanRegistry.getSingleton(DefaultSingletonBeanRegistry.java:289)
	at org.springframework.beans.factory.support.AbstractBeanFactory.doGetBean(AbstractBeanFactory.java:334)
	at org.springframework.beans.factory.support.AbstractBeanFactory.getBean(AbstractBeanFactory.java:204)
	at org.springframework.context.support.AbstractApplicationContext.initMessageSource(AbstractApplicationContext.java:819)
	at org.springframework.context.support.AbstractApplicationContext.refresh(AbstractApplicationContext.java:615)
	at org.springframework.boot.web.servlet.context.ServletWebServerApplicationContext.refresh(ServletWebServerApplicationContext.java:146)
	at org.springframework.boot.SpringApplication.refresh(SpringApplication.java:752)
	at org.springframework.boot.SpringApplication.refreshContext(SpringApplication.java:439)
	at org.springframework.boot.SpringApplication.run(SpringApplication.java:318)
	at org.springframework.boot.SpringApplication.run(SpringApplication.java:1361)
	at org.springframework.boot.SpringApplication.run(SpringApplication.java:1350)
	at com.khoilnm.ims.ImsApplication.main(ImsApplication.java:14)
Caused by: org.springframework.beans.factory.UnsatisfiedDependencyException: Error creating bean with name 'userDetailsServiceImpl' defined in file [C:\Users\Le Nhat Minh Khoi\Desktop\ims-II\ims\target\classes\com\khoilnm\ims\serviceImpl\UserDetailsServiceImpl.class]: Unsatisfied dependency expressed through constructor parameter 1: Error creating bean with name 'messageSource': Requested bean is currently in creation: Is there an unresolvable circular reference or an asynchronous initialization dependency?
	at org.springframework.beans.factory.support.ConstructorResolver.createArgumentArray(ConstructorResolver.java:804)
	at org.springframework.beans.factory.support.ConstructorResolver.autowireConstructor(ConstructorResolver.java:240)
	at org.springframework.beans.factory.support.AbstractAutowireCapableBeanFactory.autowireConstructor(AbstractAutowireCapableBeanFactory.java:1377)
	at org.springframework.beans.factory.support.AbstractAutowireCapableBeanFactory.createBeanInstance(AbstractAutowireCapableBeanFactory.java:1214)
	at org.springframework.beans.factory.support.AbstractAutowireCapableBeanFactory.doCreateBean(AbstractAutowireCapableBeanFactory.java:563)
	at org.springframework.beans.factory.support.AbstractAutowireCapableBeanFactory.createBean(AbstractAutowireCapableBeanFactory.java:523)
	at org.springframework.beans.factory.support.AbstractBeanFactory.lambda$doGetBean$0(AbstractBeanFactory.java:336)
	at org.springframework.beans.factory.support.DefaultSingletonBeanRegistry.getSingleton(DefaultSingletonBeanRegistry.java:289)
	at org.springframework.beans.factory.support.AbstractBeanFactory.doGetBean(AbstractBeanFactory.java:334)
	at org.springframework.beans.factory.support.AbstractBeanFactory.getBean(AbstractBeanFactory.java:199)
	at org.springframework.beans.factory.config.DependencyDescriptor.resolveCandidate(DependencyDescriptor.java:254)
	at org.springframework.beans.factory.support.DefaultListableBeanFactory.doResolveDependency(DefaultListableBeanFactory.java:1631)
	at org.springframework.beans.factory.support.DefaultListableBeanFactory.resolveDependency(DefaultListableBeanFactory.java:1519)
	at org.springframework.beans.factory.support.ConstructorResolver.resolveAutowiredArgument(ConstructorResolver.java:913)
	at org.springframework.beans.factory.support.ConstructorResolver.createArgumentArray(ConstructorResolver.java:791)
	... 27 common frames omitted
Caused by: org.springframework.beans.factory.BeanCurrentlyInCreationException: Error creating bean with name 'messageSource': Requested bean is currently in creation: Is there an unresolvable circular reference or an asynchronous initialization dependency?
	at org.springframework.beans.factory.support.DefaultSingletonBeanRegistry.beforeSingletonCreation(DefaultSingletonBeanRegistry.java:421)
	at org.springframework.beans.factory.support.DefaultSingletonBeanRegistry.getSingleton(DefaultSingletonBeanRegistry.java:282)
	at org.springframework.beans.factory.support.AbstractBeanFactory.doGetBean(AbstractBeanFactory.java:334)
	at org.springframework.beans.factory.support.AbstractBeanFactory.getBean(AbstractBeanFactory.java:199)
	at org.springframework.beans.factory.config.DependencyDescriptor.resolveCandidate(DependencyDescriptor.java:254)
	at org.springframework.beans.factory.support.DefaultListableBeanFactory.doResolveDependency(DefaultListableBeanFactory.java:1631)
	at org.springframework.beans.factory.support.DefaultListableBeanFactory.resolveDependency(DefaultListableBeanFactory.java:1519)
	at org.springframework.beans.factory.support.ConstructorResolver.resolveAutowiredArgument(ConstructorResolver.java:913)
	at org.springframework.beans.factory.support.ConstructorResolver.createArgumentArray(ConstructorResolver.java:791)
	... 41 common frames omitted
2025-01-07 22:33:45.192 [main] INFO  com.khoilnm.ims.ImsApplication [] [anonymous] - Starting ImsApplication using Java 22.0.1 with PID 20224 (C:\Users\Le Nhat Minh Khoi\Desktop\ims-II\ims\target\classes started by Le Nhat Minh Khoi in C:\Users\Le Nhat Minh Khoi\Desktop\ims-II\ims)
2025-01-07 22:33:45.194 [main] INFO  com.khoilnm.ims.ImsApplication [] [anonymous] - No active profile set, falling back to 1 default profile: "default"
2025-01-07 22:33:47.259 [main] INFO  com.zaxxer.hikari.HikariDataSource [] [anonymous] - HikariPool-1 - Starting...
2025-01-07 22:33:47.476 [main] INFO  com.zaxxer.hikari.pool.HikariPool [] [anonymous] - HikariPool-1 - Added connection com.mysql.cj.jdbc.ConnectionImpl@4bbc21bd
2025-01-07 22:33:47.479 [main] INFO  com.zaxxer.hikari.HikariDataSource [] [anonymous] - HikariPool-1 - Start completed.
2025-01-07 22:33:50.875 [main] WARN  o.s.b.w.s.c.AnnotationConfigServletWebServerApplicationContext [] [anonymous] - Exception encountered during context initialization - cancelling refresh attempt: org.springframework.beans.factory.UnsatisfiedDependencyException: Error creating bean with name 'beanConfig' defined in file [C:\Users\Le Nhat Minh Khoi\Desktop\ims-II\ims\target\classes\com\khoilnm\ims\configuration\BeanConfig.class]: Unsatisfied dependency expressed through constructor parameter 0: Error creating bean with name 'userDetailsServiceImpl' defined in file [C:\Users\Le Nhat Minh Khoi\Desktop\ims-II\ims\target\classes\com\khoilnm\ims\serviceImpl\UserDetailsServiceImpl.class]: Unsatisfied dependency expressed through constructor parameter 1: Error creating bean with name 'messageSource': Requested bean is currently in creation: Is there an unresolvable circular reference or an asynchronous initialization dependency?
2025-01-07 22:33:50.880 [main] INFO  com.zaxxer.hikari.HikariDataSource [] [anonymous] - HikariPool-1 - Shutdown initiated...
2025-01-07 22:33:50.888 [main] INFO  com.zaxxer.hikari.HikariDataSource [] [anonymous] - HikariPool-1 - Shutdown completed.
2025-01-07 22:33:50.918 [main] ERROR o.s.boot.SpringApplication [] [anonymous] - Application run failed
org.springframework.beans.factory.UnsatisfiedDependencyException: Error creating bean with name 'beanConfig' defined in file [C:\Users\Le Nhat Minh Khoi\Desktop\ims-II\ims\target\classes\com\khoilnm\ims\configuration\BeanConfig.class]: Unsatisfied dependency expressed through constructor parameter 0: Error creating bean with name 'userDetailsServiceImpl' defined in file [C:\Users\Le Nhat Minh Khoi\Desktop\ims-II\ims\target\classes\com\khoilnm\ims\serviceImpl\UserDetailsServiceImpl.class]: Unsatisfied dependency expressed through constructor parameter 1: Error creating bean with name 'messageSource': Requested bean is currently in creation: Is there an unresolvable circular reference or an asynchronous initialization dependency?
	at org.springframework.beans.factory.support.ConstructorResolver.createArgumentArray(ConstructorResolver.java:804)
	at org.springframework.beans.factory.support.ConstructorResolver.autowireConstructor(ConstructorResolver.java:240)
	at org.springframework.beans.factory.support.AbstractAutowireCapableBeanFactory.autowireConstructor(AbstractAutowireCapableBeanFactory.java:1377)
	at org.springframework.beans.factory.support.AbstractAutowireCapableBeanFactory.createBeanInstance(AbstractAutowireCapableBeanFactory.java:1214)
	at org.springframework.beans.factory.support.AbstractAutowireCapableBeanFactory.doCreateBean(AbstractAutowireCapableBeanFactory.java:563)
	at org.springframework.beans.factory.support.AbstractAutowireCapableBeanFactory.createBean(AbstractAutowireCapableBeanFactory.java:523)
	at org.springframework.beans.factory.support.AbstractBeanFactory.lambda$doGetBean$0(AbstractBeanFactory.java:336)
	at org.springframework.beans.factory.support.DefaultSingletonBeanRegistry.getSingleton(DefaultSingletonBeanRegistry.java:289)
	at org.springframework.beans.factory.support.AbstractBeanFactory.doGetBean(AbstractBeanFactory.java:334)
	at org.springframework.beans.factory.support.AbstractBeanFactory.getBean(AbstractBeanFactory.java:199)
	at org.springframework.beans.factory.support.ConstructorResolver.instantiateUsingFactoryMethod(ConstructorResolver.java:413)
	at org.springframework.beans.factory.support.AbstractAutowireCapableBeanFactory.instantiateUsingFactoryMethod(AbstractAutowireCapableBeanFactory.java:1357)
	at org.springframework.beans.factory.support.AbstractAutowireCapableBeanFactory.createBeanInstance(AbstractAutowireCapableBeanFactory.java:1187)
	at org.springframework.beans.factory.support.AbstractAutowireCapableBeanFactory.doCreateBean(AbstractAutowireCapableBeanFactory.java:563)
	at org.springframework.beans.factory.support.AbstractAutowireCapableBeanFactory.createBean(AbstractAutowireCapableBeanFactory.java:523)
	at org.springframework.beans.factory.support.AbstractBeanFactory.lambda$doGetBean$0(AbstractBeanFactory.java:336)
	at org.springframework.beans.factory.support.DefaultSingletonBeanRegistry.getSingleton(DefaultSingletonBeanRegistry.java:289)
	at org.springframework.beans.factory.support.AbstractBeanFactory.doGetBean(AbstractBeanFactory.java:334)
	at org.springframework.beans.factory.support.AbstractBeanFactory.getBean(AbstractBeanFactory.java:204)
	at org.springframework.context.support.AbstractApplicationContext.initMessageSource(AbstractApplicationContext.java:819)
	at org.springframework.context.support.AbstractApplicationContext.refresh(AbstractApplicationContext.java:615)
	at org.springframework.boot.web.servlet.context.ServletWebServerApplicationContext.refresh(ServletWebServerApplicationContext.java:146)
	at org.springframework.boot.SpringApplication.refresh(SpringApplication.java:752)
	at org.springframework.boot.SpringApplication.refreshContext(SpringApplication.java:439)
	at org.springframework.boot.SpringApplication.run(SpringApplication.java:318)
	at org.springframework.boot.SpringApplication.run(SpringApplication.java:1361)
	at org.springframework.boot.SpringApplication.run(SpringApplication.java:1350)
	at com.khoilnm.ims.ImsApplication.main(ImsApplication.java:16)
Caused by: org.springframework.beans.factory.UnsatisfiedDependencyException: Error creating bean with name 'userDetailsServiceImpl' defined in file [C:\Users\Le Nhat Minh Khoi\Desktop\ims-II\ims\target\classes\com\khoilnm\ims\serviceImpl\UserDetailsServiceImpl.class]: Unsatisfied dependency expressed through constructor parameter 1: Error creating bean with name 'messageSource': Requested bean is currently in creation: Is there an unresolvable circular reference or an asynchronous initialization dependency?
	at org.springframework.beans.factory.support.ConstructorResolver.createArgumentArray(ConstructorResolver.java:804)
	at org.springframework.beans.factory.support.ConstructorResolver.autowireConstructor(ConstructorResolver.java:240)
	at org.springframework.beans.factory.support.AbstractAutowireCapableBeanFactory.autowireConstructor(AbstractAutowireCapableBeanFactory.java:1377)
	at org.springframework.beans.factory.support.AbstractAutowireCapableBeanFactory.createBeanInstance(AbstractAutowireCapableBeanFactory.java:1214)
	at org.springframework.beans.factory.support.AbstractAutowireCapableBeanFactory.doCreateBean(AbstractAutowireCapableBeanFactory.java:563)
	at org.springframework.beans.factory.support.AbstractAutowireCapableBeanFactory.createBean(AbstractAutowireCapableBeanFactory.java:523)
	at org.springframework.beans.factory.support.AbstractBeanFactory.lambda$doGetBean$0(AbstractBeanFactory.java:336)
	at org.springframework.beans.factory.support.DefaultSingletonBeanRegistry.getSingleton(DefaultSingletonBeanRegistry.java:289)
	at org.springframework.beans.factory.support.AbstractBeanFactory.doGetBean(AbstractBeanFactory.java:334)
	at org.springframework.beans.factory.support.AbstractBeanFactory.getBean(AbstractBeanFactory.java:199)
	at org.springframework.beans.factory.config.DependencyDescriptor.resolveCandidate(DependencyDescriptor.java:254)
	at org.springframework.beans.factory.support.DefaultListableBeanFactory.doResolveDependency(DefaultListableBeanFactory.java:1631)
	at org.springframework.beans.factory.support.DefaultListableBeanFactory.resolveDependency(DefaultListableBeanFactory.java:1519)
	at org.springframework.beans.factory.support.ConstructorResolver.resolveAutowiredArgument(ConstructorResolver.java:913)
	at org.springframework.beans.factory.support.ConstructorResolver.createArgumentArray(ConstructorResolver.java:791)
	... 27 common frames omitted
Caused by: org.springframework.beans.factory.BeanCurrentlyInCreationException: Error creating bean with name 'messageSource': Requested bean is currently in creation: Is there an unresolvable circular reference or an asynchronous initialization dependency?
	at org.springframework.beans.factory.support.DefaultSingletonBeanRegistry.beforeSingletonCreation(DefaultSingletonBeanRegistry.java:421)
	at org.springframework.beans.factory.support.DefaultSingletonBeanRegistry.getSingleton(DefaultSingletonBeanRegistry.java:282)
	at org.springframework.beans.factory.support.AbstractBeanFactory.doGetBean(AbstractBeanFactory.java:334)
	at org.springframework.beans.factory.support.AbstractBeanFactory.getBean(AbstractBeanFactory.java:199)
	at org.springframework.beans.factory.config.DependencyDescriptor.resolveCandidate(DependencyDescriptor.java:254)
	at org.springframework.beans.factory.support.DefaultListableBeanFactory.doResolveDependency(DefaultListableBeanFactory.java:1631)
	at org.springframework.beans.factory.support.DefaultListableBeanFactory.resolveDependency(DefaultListableBeanFactory.java:1519)
	at org.springframework.beans.factory.support.ConstructorResolver.resolveAutowiredArgument(ConstructorResolver.java:913)
	at org.springframework.beans.factory.support.ConstructorResolver.createArgumentArray(ConstructorResolver.java:791)
	... 41 common frames omitted
2025-01-07 22:36:56.553 [main] INFO  com.khoilnm.ims.ImsApplication [] [anonymous] - Starting ImsApplication using Java 22.0.1 with PID 24036 (C:\Users\Le Nhat Minh Khoi\Desktop\ims-II\ims\target\classes started by Le Nhat Minh Khoi in C:\Users\Le Nhat Minh Khoi\Desktop\ims-II\ims)
2025-01-07 22:36:56.557 [main] INFO  com.khoilnm.ims.ImsApplication [] [anonymous] - No active profile set, falling back to 1 default profile: "default"
2025-01-07 22:36:59.289 [main] INFO  com.zaxxer.hikari.HikariDataSource [] [anonymous] - HikariPool-1 - Starting...
2025-01-07 22:36:59.477 [main] INFO  com.zaxxer.hikari.pool.HikariPool [] [anonymous] - HikariPool-1 - Added connection com.mysql.cj.jdbc.ConnectionImpl@1a67f8b4
2025-01-07 22:36:59.479 [main] INFO  com.zaxxer.hikari.HikariDataSource [] [anonymous] - HikariPool-1 - Start completed.
2025-01-07 22:37:01.144 [main] WARN  o.s.s.c.a.a.c.InitializeUserDetailsBeanManagerConfigurer$InitializeUserDetailsManagerConfigurer [] [anonymous] - Global AuthenticationManager configured with an AuthenticationProvider bean. UserDetailsService beans will not be used by Spring Security for automatically configuring username/password login. Consider removing the AuthenticationProvider bean. Alternatively, consider using the UserDetailsService in a manually instantiated DaoAuthenticationProvider. If the current configuration is intentional, to turn off this warning, increase the logging level of 'org.springframework.security.config.annotation.authentication.configuration.InitializeUserDetailsBeanManagerConfigurer' to ERROR
2025-01-07 22:37:01.503 [main] WARN  o.s.b.w.s.c.AnnotationConfigServletWebServerApplicationContext [] [anonymous] - Exception encountered during context initialization - cancelling refresh attempt: org.springframework.beans.factory.BeanCreationException: Error creating bean with name 'refreshTokenRepository' defined in com.khoilnm.ims.repository.RefreshTokenRepository defined in @EnableJpaRepositories declared on ImsApplication: Could not create query for public abstract java.util.Optional com.khoilnm.ims.repository.RefreshTokenRepository.findByUsernameAndTokenAndSeries(java.lang.String,java.lang.String,java.lang.String); Reason: Failed to create query for method public abstract java.util.Optional com.khoilnm.ims.repository.RefreshTokenRepository.findByUsernameAndTokenAndSeries(java.lang.String,java.lang.String,java.lang.String); No property 'username' found for type 'RefreshToken'
2025-01-07 22:37:01.507 [main] INFO  com.zaxxer.hikari.HikariDataSource [] [anonymous] - HikariPool-1 - Shutdown initiated...
2025-01-07 22:37:01.515 [main] INFO  com.zaxxer.hikari.HikariDataSource [] [anonymous] - HikariPool-1 - Shutdown completed.
2025-01-07 22:37:01.613 [main] ERROR o.s.boot.SpringApplication [] [anonymous] - Application run failed
org.springframework.beans.factory.BeanCreationException: Error creating bean with name 'refreshTokenRepository' defined in com.khoilnm.ims.repository.RefreshTokenRepository defined in @EnableJpaRepositories declared on ImsApplication: Could not create query for public abstract java.util.Optional com.khoilnm.ims.repository.RefreshTokenRepository.findByUsernameAndTokenAndSeries(java.lang.String,java.lang.String,java.lang.String); Reason: Failed to create query for method public abstract java.util.Optional com.khoilnm.ims.repository.RefreshTokenRepository.findByUsernameAndTokenAndSeries(java.lang.String,java.lang.String,java.lang.String); No property 'username' found for type 'RefreshToken'
	at org.springframework.beans.factory.support.AbstractAutowireCapableBeanFactory.initializeBean(AbstractAutowireCapableBeanFactory.java:1808)
	at org.springframework.beans.factory.support.AbstractAutowireCapableBeanFactory.doCreateBean(AbstractAutowireCapableBeanFactory.java:601)
	at org.springframework.beans.factory.support.AbstractAutowireCapableBeanFactory.createBean(AbstractAutowireCapableBeanFactory.java:523)
	at org.springframework.beans.factory.support.AbstractBeanFactory.lambda$doGetBean$0(AbstractBeanFactory.java:336)
	at org.springframework.beans.factory.support.DefaultSingletonBeanRegistry.getSingleton(DefaultSingletonBeanRegistry.java:289)
	at org.springframework.beans.factory.support.AbstractBeanFactory.doGetBean(AbstractBeanFactory.java:334)
	at org.springframework.beans.factory.support.AbstractBeanFactory.getBean(AbstractBeanFactory.java:199)
	at org.springframework.beans.factory.support.DefaultListableBeanFactory.instantiateSingleton(DefaultListableBeanFactory.java:1116)
	at org.springframework.beans.factory.support.DefaultListableBeanFactory.preInstantiateSingleton(DefaultListableBeanFactory.java:1093)
	at org.springframework.beans.factory.support.DefaultListableBeanFactory.preInstantiateSingletons(DefaultListableBeanFactory.java:1030)
	at org.springframework.context.support.AbstractApplicationContext.finishBeanFactoryInitialization(AbstractApplicationContext.java:987)
	at org.springframework.context.support.AbstractApplicationContext.refresh(AbstractApplicationContext.java:627)
	at org.springframework.boot.web.servlet.context.ServletWebServerApplicationContext.refresh(ServletWebServerApplicationContext.java:146)
	at org.springframework.boot.SpringApplication.refresh(SpringApplication.java:752)
	at org.springframework.boot.SpringApplication.refreshContext(SpringApplication.java:439)
	at org.springframework.boot.SpringApplication.run(SpringApplication.java:318)
	at org.springframework.boot.SpringApplication.run(SpringApplication.java:1361)
	at org.springframework.boot.SpringApplication.run(SpringApplication.java:1350)
	at com.khoilnm.ims.ImsApplication.main(ImsApplication.java:16)
Caused by: org.springframework.data.repository.query.QueryCreationException: Could not create query for public abstract java.util.Optional com.khoilnm.ims.repository.RefreshTokenRepository.findByUsernameAndTokenAndSeries(java.lang.String,java.lang.String,java.lang.String); Reason: Failed to create query for method public abstract java.util.Optional com.khoilnm.ims.repository.RefreshTokenRepository.findByUsernameAndTokenAndSeries(java.lang.String,java.lang.String,java.lang.String); No property 'username' found for type 'RefreshToken'
	at org.springframework.data.repository.query.QueryCreationException.create(QueryCreationException.java:101)
	at org.springframework.data.repository.core.support.QueryExecutorMethodInterceptor.lookupQuery(QueryExecutorMethodInterceptor.java:120)
	at org.springframework.data.repository.core.support.QueryExecutorMethodInterceptor.mapMethodsToQuery(QueryExecutorMethodInterceptor.java:104)
	at org.springframework.data.repository.core.support.QueryExecutorMethodInterceptor.lambda$new$0(QueryExecutorMethodInterceptor.java:92)
	at java.base/java.util.Optional.map(Optional.java:260)
	at org.springframework.data.repository.core.support.QueryExecutorMethodInterceptor.<init>(QueryExecutorMethodInterceptor.java:92)
	at org.springframework.data.repository.core.support.RepositoryFactorySupport.getRepository(RepositoryFactorySupport.java:440)
	at org.springframework.data.repository.core.support.RepositoryFactoryBeanSupport.lambda$afterPropertiesSet$4(RepositoryFactoryBeanSupport.java:350)
	at org.springframework.data.util.Lazy.getNullable(Lazy.java:135)
	at org.springframework.data.util.Lazy.get(Lazy.java:113)
	at org.springframework.data.repository.core.support.RepositoryFactoryBeanSupport.afterPropertiesSet(RepositoryFactoryBeanSupport.java:356)
	at org.springframework.data.jpa.repository.support.JpaRepositoryFactoryBean.afterPropertiesSet(JpaRepositoryFactoryBean.java:132)
	at org.springframework.beans.factory.support.AbstractAutowireCapableBeanFactory.invokeInitMethods(AbstractAutowireCapableBeanFactory.java:1855)
	at org.springframework.beans.factory.support.AbstractAutowireCapableBeanFactory.initializeBean(AbstractAutowireCapableBeanFactory.java:1804)
	... 18 common frames omitted
Caused by: java.lang.IllegalArgumentException: Failed to create query for method public abstract java.util.Optional com.khoilnm.ims.repository.RefreshTokenRepository.findByUsernameAndTokenAndSeries(java.lang.String,java.lang.String,java.lang.String); No property 'username' found for type 'RefreshToken'
	at org.springframework.data.jpa.repository.query.PartTreeJpaQuery.<init>(PartTreeJpaQuery.java:107)
	at org.springframework.data.jpa.repository.query.JpaQueryLookupStrategy$CreateQueryLookupStrategy.resolveQuery(JpaQueryLookupStrategy.java:128)
	at org.springframework.data.jpa.repository.query.JpaQueryLookupStrategy$CreateIfNotFoundQueryLookupStrategy.resolveQuery(JpaQueryLookupStrategy.java:262)
	at org.springframework.data.jpa.repository.query.JpaQueryLookupStrategy$AbstractQueryLookupStrategy.resolveQuery(JpaQueryLookupStrategy.java:99)
	at org.springframework.data.repository.core.support.QueryExecutorMethodInterceptor.lookupQuery(QueryExecutorMethodInterceptor.java:116)
	... 30 common frames omitted
Caused by: org.springframework.data.mapping.PropertyReferenceException: No property 'username' found for type 'RefreshToken'
	at org.springframework.data.mapping.PropertyPath.<init>(PropertyPath.java:94)
	at org.springframework.data.mapping.PropertyPath.create(PropertyPath.java:455)
	at org.springframework.data.mapping.PropertyPath.create(PropertyPath.java:431)
	at org.springframework.data.mapping.PropertyPath.lambda$from$0(PropertyPath.java:384)
	at java.base/java.util.concurrent.ConcurrentMap.computeIfAbsent(ConcurrentMap.java:330)
	at org.springframework.data.mapping.PropertyPath.from(PropertyPath.java:366)
	at org.springframework.data.mapping.PropertyPath.from(PropertyPath.java:344)
	at org.springframework.data.repository.query.parser.Part.<init>(Part.java:81)
	at org.springframework.data.repository.query.parser.PartTree$OrPart.lambda$new$0(PartTree.java:259)
	at java.base/java.util.stream.ReferencePipeline$3$1.accept(ReferencePipeline.java:212)
	at java.base/java.util.stream.ReferencePipeline$2$1.accept(ReferencePipeline.java:194)
	at java.base/java.util.Spliterators$ArraySpliterator.forEachRemaining(Spliterators.java:1024)
	at java.base/java.util.stream.AbstractPipeline.copyInto(AbstractPipeline.java:556)
	at java.base/java.util.stream.AbstractPipeline.wrapAndCopyInto(AbstractPipeline.java:546)
	at java.base/java.util.stream.ReduceOps$ReduceOp.evaluateSequential(ReduceOps.java:921)
	at java.base/java.util.stream.AbstractPipeline.evaluate(AbstractPipeline.java:265)
	at java.base/java.util.stream.ReferencePipeline.collect(ReferencePipeline.java:702)
	at org.springframework.data.repository.query.parser.PartTree$OrPart.<init>(PartTree.java:260)
	at org.springframework.data.repository.query.parser.PartTree$Predicate.lambda$new$0(PartTree.java:389)
	at java.base/java.util.stream.ReferencePipeline$3$1.accept(ReferencePipeline.java:212)
	at java.base/java.util.stream.ReferencePipeline$2$1.accept(ReferencePipeline.java:194)
	at java.base/java.util.Spliterators$ArraySpliterator.forEachRemaining(Spliterators.java:1024)
	at java.base/java.util.stream.AbstractPipeline.copyInto(AbstractPipeline.java:556)
	at java.base/java.util.stream.AbstractPipeline.wrapAndCopyInto(AbstractPipeline.java:546)
	at java.base/java.util.stream.ReduceOps$ReduceOp.evaluateSequential(ReduceOps.java:921)
	at java.base/java.util.stream.AbstractPipeline.evaluate(AbstractPipeline.java:265)
	at java.base/java.util.stream.ReferencePipeline.collect(ReferencePipeline.java:702)
	at org.springframework.data.repository.query.parser.PartTree$Predicate.<init>(PartTree.java:390)
	at org.springframework.data.repository.query.parser.PartTree.<init>(PartTree.java:103)
	at org.springframework.data.jpa.repository.query.PartTreeJpaQuery.<init>(PartTreeJpaQuery.java:101)
	... 34 common frames omitted
2025-01-07 22:42:08.994 [main] INFO  com.khoilnm.ims.ImsApplication [] [anonymous] - Starting ImsApplication using Java 22.0.1 with PID 2336 (C:\Users\Le Nhat Minh Khoi\Desktop\ims-II\ims\target\classes started by Le Nhat Minh Khoi in C:\Users\Le Nhat Minh Khoi\Desktop\ims-II\ims)
2025-01-07 22:42:08.996 [main] INFO  com.khoilnm.ims.ImsApplication [] [anonymous] - No active profile set, falling back to 1 default profile: "default"
2025-01-07 22:42:11.349 [main] INFO  com.zaxxer.hikari.HikariDataSource [] [anonymous] - HikariPool-1 - Starting...
2025-01-07 22:42:11.537 [main] INFO  com.zaxxer.hikari.pool.HikariPool [] [anonymous] - HikariPool-1 - Added connection com.mysql.cj.jdbc.ConnectionImpl@59b98ad1
2025-01-07 22:42:11.539 [main] INFO  com.zaxxer.hikari.HikariDataSource [] [anonymous] - HikariPool-1 - Start completed.
2025-01-07 22:42:13.163 [main] WARN  o.s.s.c.a.a.c.InitializeUserDetailsBeanManagerConfigurer$InitializeUserDetailsManagerConfigurer [] [anonymous] - Global AuthenticationManager configured with an AuthenticationProvider bean. UserDetailsService beans will not be used by Spring Security for automatically configuring username/password login. Consider removing the AuthenticationProvider bean. Alternatively, consider using the UserDetailsService in a manually instantiated DaoAuthenticationProvider. If the current configuration is intentional, to turn off this warning, increase the logging level of 'org.springframework.security.config.annotation.authentication.configuration.InitializeUserDetailsBeanManagerConfigurer' to ERROR
2025-01-07 22:42:13.511 [main] WARN  o.s.b.w.s.c.AnnotationConfigServletWebServerApplicationContext [] [anonymous] - Exception encountered during context initialization - cancelling refresh attempt: org.springframework.beans.factory.BeanCreationException: Error creating bean with name 'refreshTokenRepository' defined in com.khoilnm.ims.repository.RefreshTokenRepository defined in @EnableJpaRepositories declared on ImsApplication: Could not create query for public abstract void com.khoilnm.ims.repository.RefreshTokenRepository.deleteByEmail(java.lang.String); Reason: Failed to create query for method public abstract void com.khoilnm.ims.repository.RefreshTokenRepository.deleteByEmail(java.lang.String); No property 'email' found for type 'RefreshToken'
2025-01-07 22:42:13.515 [main] INFO  com.zaxxer.hikari.HikariDataSource [] [anonymous] - HikariPool-1 - Shutdown initiated...
2025-01-07 22:42:13.522 [main] INFO  com.zaxxer.hikari.HikariDataSource [] [anonymous] - HikariPool-1 - Shutdown completed.
2025-01-07 22:42:13.609 [main] ERROR o.s.boot.SpringApplication [] [anonymous] - Application run failed
org.springframework.beans.factory.BeanCreationException: Error creating bean with name 'refreshTokenRepository' defined in com.khoilnm.ims.repository.RefreshTokenRepository defined in @EnableJpaRepositories declared on ImsApplication: Could not create query for public abstract void com.khoilnm.ims.repository.RefreshTokenRepository.deleteByEmail(java.lang.String); Reason: Failed to create query for method public abstract void com.khoilnm.ims.repository.RefreshTokenRepository.deleteByEmail(java.lang.String); No property 'email' found for type 'RefreshToken'
	at org.springframework.beans.factory.support.AbstractAutowireCapableBeanFactory.initializeBean(AbstractAutowireCapableBeanFactory.java:1808)
	at org.springframework.beans.factory.support.AbstractAutowireCapableBeanFactory.doCreateBean(AbstractAutowireCapableBeanFactory.java:601)
	at org.springframework.beans.factory.support.AbstractAutowireCapableBeanFactory.createBean(AbstractAutowireCapableBeanFactory.java:523)
	at org.springframework.beans.factory.support.AbstractBeanFactory.lambda$doGetBean$0(AbstractBeanFactory.java:336)
	at org.springframework.beans.factory.support.DefaultSingletonBeanRegistry.getSingleton(DefaultSingletonBeanRegistry.java:289)
	at org.springframework.beans.factory.support.AbstractBeanFactory.doGetBean(AbstractBeanFactory.java:334)
	at org.springframework.beans.factory.support.AbstractBeanFactory.getBean(AbstractBeanFactory.java:199)
	at org.springframework.beans.factory.support.DefaultListableBeanFactory.instantiateSingleton(DefaultListableBeanFactory.java:1116)
	at org.springframework.beans.factory.support.DefaultListableBeanFactory.preInstantiateSingleton(DefaultListableBeanFactory.java:1093)
	at org.springframework.beans.factory.support.DefaultListableBeanFactory.preInstantiateSingletons(DefaultListableBeanFactory.java:1030)
	at org.springframework.context.support.AbstractApplicationContext.finishBeanFactoryInitialization(AbstractApplicationContext.java:987)
	at org.springframework.context.support.AbstractApplicationContext.refresh(AbstractApplicationContext.java:627)
	at org.springframework.boot.web.servlet.context.ServletWebServerApplicationContext.refresh(ServletWebServerApplicationContext.java:146)
	at org.springframework.boot.SpringApplication.refresh(SpringApplication.java:752)
	at org.springframework.boot.SpringApplication.refreshContext(SpringApplication.java:439)
	at org.springframework.boot.SpringApplication.run(SpringApplication.java:318)
	at org.springframework.boot.SpringApplication.run(SpringApplication.java:1361)
	at org.springframework.boot.SpringApplication.run(SpringApplication.java:1350)
	at com.khoilnm.ims.ImsApplication.main(ImsApplication.java:16)
Caused by: org.springframework.data.repository.query.QueryCreationException: Could not create query for public abstract void com.khoilnm.ims.repository.RefreshTokenRepository.deleteByEmail(java.lang.String); Reason: Failed to create query for method public abstract void com.khoilnm.ims.repository.RefreshTokenRepository.deleteByEmail(java.lang.String); No property 'email' found for type 'RefreshToken'
	at org.springframework.data.repository.query.QueryCreationException.create(QueryCreationException.java:101)
	at org.springframework.data.repository.core.support.QueryExecutorMethodInterceptor.lookupQuery(QueryExecutorMethodInterceptor.java:120)
	at org.springframework.data.repository.core.support.QueryExecutorMethodInterceptor.mapMethodsToQuery(QueryExecutorMethodInterceptor.java:104)
	at org.springframework.data.repository.core.support.QueryExecutorMethodInterceptor.lambda$new$0(QueryExecutorMethodInterceptor.java:92)
	at java.base/java.util.Optional.map(Optional.java:260)
	at org.springframework.data.repository.core.support.QueryExecutorMethodInterceptor.<init>(QueryExecutorMethodInterceptor.java:92)
	at org.springframework.data.repository.core.support.RepositoryFactorySupport.getRepository(RepositoryFactorySupport.java:440)
	at org.springframework.data.repository.core.support.RepositoryFactoryBeanSupport.lambda$afterPropertiesSet$4(RepositoryFactoryBeanSupport.java:350)
	at org.springframework.data.util.Lazy.getNullable(Lazy.java:135)
	at org.springframework.data.util.Lazy.get(Lazy.java:113)
	at org.springframework.data.repository.core.support.RepositoryFactoryBeanSupport.afterPropertiesSet(RepositoryFactoryBeanSupport.java:356)
	at org.springframework.data.jpa.repository.support.JpaRepositoryFactoryBean.afterPropertiesSet(JpaRepositoryFactoryBean.java:132)
	at org.springframework.beans.factory.support.AbstractAutowireCapableBeanFactory.invokeInitMethods(AbstractAutowireCapableBeanFactory.java:1855)
	at org.springframework.beans.factory.support.AbstractAutowireCapableBeanFactory.initializeBean(AbstractAutowireCapableBeanFactory.java:1804)
	... 18 common frames omitted
Caused by: java.lang.IllegalArgumentException: Failed to create query for method public abstract void com.khoilnm.ims.repository.RefreshTokenRepository.deleteByEmail(java.lang.String); No property 'email' found for type 'RefreshToken'
	at org.springframework.data.jpa.repository.query.PartTreeJpaQuery.<init>(PartTreeJpaQuery.java:107)
	at org.springframework.data.jpa.repository.query.JpaQueryLookupStrategy$CreateQueryLookupStrategy.resolveQuery(JpaQueryLookupStrategy.java:128)
	at org.springframework.data.jpa.repository.query.JpaQueryLookupStrategy$CreateIfNotFoundQueryLookupStrategy.resolveQuery(JpaQueryLookupStrategy.java:262)
	at org.springframework.data.jpa.repository.query.JpaQueryLookupStrategy$AbstractQueryLookupStrategy.resolveQuery(JpaQueryLookupStrategy.java:99)
	at org.springframework.data.repository.core.support.QueryExecutorMethodInterceptor.lookupQuery(QueryExecutorMethodInterceptor.java:116)
	... 30 common frames omitted
Caused by: org.springframework.data.mapping.PropertyReferenceException: No property 'email' found for type 'RefreshToken'
	at org.springframework.data.mapping.PropertyPath.<init>(PropertyPath.java:94)
	at org.springframework.data.mapping.PropertyPath.create(PropertyPath.java:455)
	at org.springframework.data.mapping.PropertyPath.create(PropertyPath.java:431)
	at org.springframework.data.mapping.PropertyPath.lambda$from$0(PropertyPath.java:384)
	at java.base/java.util.concurrent.ConcurrentMap.computeIfAbsent(ConcurrentMap.java:330)
	at org.springframework.data.mapping.PropertyPath.from(PropertyPath.java:366)
	at org.springframework.data.mapping.PropertyPath.from(PropertyPath.java:344)
	at org.springframework.data.repository.query.parser.Part.<init>(Part.java:81)
	at org.springframework.data.repository.query.parser.PartTree$OrPart.lambda$new$0(PartTree.java:259)
	at java.base/java.util.stream.ReferencePipeline$3$1.accept(ReferencePipeline.java:212)
	at java.base/java.util.stream.ReferencePipeline$2$1.accept(ReferencePipeline.java:194)
	at java.base/java.util.Spliterators$ArraySpliterator.forEachRemaining(Spliterators.java:1024)
	at java.base/java.util.stream.AbstractPipeline.copyInto(AbstractPipeline.java:556)
	at java.base/java.util.stream.AbstractPipeline.wrapAndCopyInto(AbstractPipeline.java:546)
	at java.base/java.util.stream.ReduceOps$ReduceOp.evaluateSequential(ReduceOps.java:921)
	at java.base/java.util.stream.AbstractPipeline.evaluate(AbstractPipeline.java:265)
	at java.base/java.util.stream.ReferencePipeline.collect(ReferencePipeline.java:702)
	at org.springframework.data.repository.query.parser.PartTree$OrPart.<init>(PartTree.java:260)
	at org.springframework.data.repository.query.parser.PartTree$Predicate.lambda$new$0(PartTree.java:389)
	at java.base/java.util.stream.ReferencePipeline$3$1.accept(ReferencePipeline.java:212)
	at java.base/java.util.stream.ReferencePipeline$2$1.accept(ReferencePipeline.java:194)
	at java.base/java.util.Spliterators$ArraySpliterator.forEachRemaining(Spliterators.java:1024)
	at java.base/java.util.stream.AbstractPipeline.copyInto(AbstractPipeline.java:556)
	at java.base/java.util.stream.AbstractPipeline.wrapAndCopyInto(AbstractPipeline.java:546)
	at java.base/java.util.stream.ReduceOps$ReduceOp.evaluateSequential(ReduceOps.java:921)
	at java.base/java.util.stream.AbstractPipeline.evaluate(AbstractPipeline.java:265)
	at java.base/java.util.stream.ReferencePipeline.collect(ReferencePipeline.java:702)
	at org.springframework.data.repository.query.parser.PartTree$Predicate.<init>(PartTree.java:390)
	at org.springframework.data.repository.query.parser.PartTree.<init>(PartTree.java:103)
	at org.springframework.data.jpa.repository.query.PartTreeJpaQuery.<init>(PartTreeJpaQuery.java:101)
	... 34 common frames omitted
2025-01-07 22:46:17.739 [main] INFO  com.khoilnm.ims.ImsApplication [] [anonymous] - Starting ImsApplication using Java 22.0.1 with PID 10960 (C:\Users\Le Nhat Minh Khoi\Desktop\ims-II\ims\target\classes started by Le Nhat Minh Khoi in C:\Users\Le Nhat Minh Khoi\Desktop\ims-II\ims)
2025-01-07 22:46:17.744 [main] INFO  com.khoilnm.ims.ImsApplication [] [anonymous] - No active profile set, falling back to 1 default profile: "default"
2025-01-07 22:46:20.467 [main] INFO  com.zaxxer.hikari.HikariDataSource [] [anonymous] - HikariPool-1 - Starting...
2025-01-07 22:46:20.667 [main] INFO  com.zaxxer.hikari.pool.HikariPool [] [anonymous] - HikariPool-1 - Added connection com.mysql.cj.jdbc.ConnectionImpl@1c792107
2025-01-07 22:46:20.668 [main] INFO  com.zaxxer.hikari.HikariDataSource [] [anonymous] - HikariPool-1 - Start completed.
2025-01-07 22:46:22.344 [main] WARN  o.s.s.c.a.a.c.InitializeUserDetailsBeanManagerConfigurer$InitializeUserDetailsManagerConfigurer [] [anonymous] - Global AuthenticationManager configured with an AuthenticationProvider bean. UserDetailsService beans will not be used by Spring Security for automatically configuring username/password login. Consider removing the AuthenticationProvider bean. Alternatively, consider using the UserDetailsService in a manually instantiated DaoAuthenticationProvider. If the current configuration is intentional, to turn off this warning, increase the logging level of 'org.springframework.security.config.annotation.authentication.configuration.InitializeUserDetailsBeanManagerConfigurer' to ERROR
2025-01-07 22:46:23.418 [main] WARN  o.s.b.a.o.j.JpaBaseConfiguration$JpaWebConfiguration [] [anonymous] - spring.jpa.open-in-view is enabled by default. Therefore, database queries may be performed during view rendering. Explicitly configure spring.jpa.open-in-view to disable this warning
2025-01-07 22:46:23.998 [main] INFO  com.khoilnm.ims.ImsApplication [] [anonymous] - Started ImsApplication in 7.143 seconds (process running for 7.52)
2025-01-07 22:46:50.018 [SpringApplicationShutdownHook] INFO  com.zaxxer.hikari.HikariDataSource [] [anonymous] - HikariPool-1 - Shutdown initiated...
2025-01-07 22:46:50.026 [SpringApplicationShutdownHook] INFO  com.zaxxer.hikari.HikariDataSource [] [anonymous] - HikariPool-1 - Shutdown completed.
