2025-01-11 16:12:12.008 [main] INFO  com.khoilnm.ims.ImsApplication [] [anonymous] - Starting ImsApplication using Java 22.0.1 with PID 25336 (C:\Users\Le Nhat Minh Khoi\Desktop\ims-II\ims\target\classes started by Le Nhat Minh Khoi in C:\Users\Le Nhat Minh Khoi\Desktop\ims-II\ims)
2025-01-11 16:12:12.011 [main] INFO  com.khoilnm.ims.ImsApplication [] [anonymous] - No active profile set, falling back to 1 default profile: "default"
2025-01-11 16:12:14.276 [main] INFO  com.zaxxer.hikari.HikariDataSource [] [anonymous] - HikariPool-1 - Starting...
2025-01-11 16:12:14.449 [main] INFO  com.zaxxer.hikari.pool.HikariPool [] [anonymous] - HikariPool-1 - Added connection com.mysql.cj.jdbc.ConnectionImpl@7ac1b6c0
2025-01-11 16:12:14.461 [main] INFO  com.zaxxer.hikari.HikariDataSource [] [anonymous] - HikariPool-1 - Start completed.
2025-01-11 16:12:14.520 [main] WARN  org.hibernate.orm.deprecation [] [anonymous] - HHH90000025: MySQLDialect does not need to be specified explicitly using 'hibernate.dialect' (remove the property setting and it will be selected by default)
2025-01-11 16:12:18.033 [main] WARN  o.s.s.c.a.a.c.InitializeUserDetailsBeanManagerConfigurer$InitializeUserDetailsManagerConfigurer [] [anonymous] - Global AuthenticationManager configured with an AuthenticationProvider bean. UserDetailsService beans will not be used by Spring Security for automatically configuring username/password login. Consider removing the AuthenticationProvider bean. Alternatively, consider using the UserDetailsService in a manually instantiated DaoAuthenticationProvider. If the current configuration is intentional, to turn off this warning, increase the logging level of 'org.springframework.security.config.annotation.authentication.configuration.InitializeUserDetailsBeanManagerConfigurer' to ERROR
2025-01-11 16:12:18.093 [main] WARN  o.s.b.a.o.j.JpaBaseConfiguration$JpaWebConfiguration [] [anonymous] - spring.jpa.open-in-view is enabled by default. Therefore, database queries may be performed during view rendering. Explicitly configure spring.jpa.open-in-view to disable this warning
2025-01-11 16:12:18.687 [main] INFO  com.khoilnm.ims.ImsApplication [] [anonymous] - Started ImsApplication in 7.423 seconds (process running for 7.83)
2025-01-11 16:13:24.964 [http-nio-8080-exec-5] INFO  c.k.i.configuration.JwtFilterConfig [] [anonymous] - Skipping JWT filter for public path: /api/v1/auth/register
2025-01-11 16:13:25.048 [http-nio-8080-exec-5] WARN  o.s.w.s.m.s.DefaultHandlerExceptionResolver [] [anonymous] - Resolved [org.springframework.http.converter.HttpMessageNotReadableException: JSON parse error: Cannot deserialize value of type `java.time.LocalDate` from String "02/01/2004": Failed to deserialize java.time.LocalDate: (java.time.format.DateTimeParseException) Text '02/01/2004' could not be parsed at index 0]
2025-01-11 16:14:15.153 [SpringApplicationShutdownHook] INFO  com.zaxxer.hikari.HikariDataSource [] [anonymous] - HikariPool-1 - Shutdown initiated...
2025-01-11 16:14:15.160 [SpringApplicationShutdownHook] INFO  com.zaxxer.hikari.HikariDataSource [] [anonymous] - HikariPool-1 - Shutdown completed.
2025-01-11 16:14:25.122 [main] INFO  com.khoilnm.ims.ImsApplication [] [anonymous] - Starting ImsApplication using Java 22.0.1 with PID 7536 (C:\Users\Le Nhat Minh Khoi\Desktop\ims-II\ims\target\classes started by Le Nhat Minh Khoi in C:\Users\Le Nhat Minh Khoi\Desktop\ims-II\ims)
2025-01-11 16:14:25.122 [main] INFO  com.khoilnm.ims.ImsApplication [] [anonymous] - No active profile set, falling back to 1 default profile: "default"
2025-01-11 16:14:27.036 [main] INFO  com.zaxxer.hikari.HikariDataSource [] [anonymous] - HikariPool-1 - Starting...
2025-01-11 16:14:27.193 [main] INFO  com.zaxxer.hikari.pool.HikariPool [] [anonymous] - HikariPool-1 - Added connection com.mysql.cj.jdbc.ConnectionImpl@3f4964f2
2025-01-11 16:14:27.193 [main] INFO  com.zaxxer.hikari.HikariDataSource [] [anonymous] - HikariPool-1 - Start completed.
2025-01-11 16:14:27.250 [main] WARN  org.hibernate.orm.deprecation [] [anonymous] - HHH90000025: MySQLDialect does not need to be specified explicitly using 'hibernate.dialect' (remove the property setting and it will be selected by default)
2025-01-11 16:14:29.531 [main] WARN  o.s.s.c.a.a.c.InitializeUserDetailsBeanManagerConfigurer$InitializeUserDetailsManagerConfigurer [] [anonymous] - Global AuthenticationManager configured with an AuthenticationProvider bean. UserDetailsService beans will not be used by Spring Security for automatically configuring username/password login. Consider removing the AuthenticationProvider bean. Alternatively, consider using the UserDetailsService in a manually instantiated DaoAuthenticationProvider. If the current configuration is intentional, to turn off this warning, increase the logging level of 'org.springframework.security.config.annotation.authentication.configuration.InitializeUserDetailsBeanManagerConfigurer' to ERROR
2025-01-11 16:14:29.585 [main] WARN  o.s.b.a.o.j.JpaBaseConfiguration$JpaWebConfiguration [] [anonymous] - spring.jpa.open-in-view is enabled by default. Therefore, database queries may be performed during view rendering. Explicitly configure spring.jpa.open-in-view to disable this warning
2025-01-11 16:14:30.101 [main] INFO  com.khoilnm.ims.ImsApplication [] [anonymous] - Started ImsApplication in 5.579 seconds (process running for 5.921)
2025-01-11 16:15:59.534 [http-nio-8080-exec-2] INFO  c.k.i.configuration.JwtFilterConfig [] [anonymous] - Skipping JWT filter for public path: /api/v1/auth/register
2025-01-11 16:15:59.615 [http-nio-8080-exec-2] WARN  o.s.w.s.m.s.DefaultHandlerExceptionResolver [] [anonymous] - Resolved [org.springframework.http.converter.HttpMessageNotReadableException: JSON parse error: Cannot deserialize value of type `java.time.LocalDate` from String "02-01-2004": Failed to deserialize java.time.LocalDate: (java.time.format.DateTimeParseException) Text '02-01-2004' could not be parsed at index 0]
2025-01-11 16:16:31.152 [SpringApplicationShutdownHook] INFO  com.zaxxer.hikari.HikariDataSource [] [anonymous] - HikariPool-1 - Shutdown initiated...
2025-01-11 16:16:31.156 [SpringApplicationShutdownHook] INFO  com.zaxxer.hikari.HikariDataSource [] [anonymous] - HikariPool-1 - Shutdown completed.
2025-01-11 16:17:01.090 [main] INFO  com.khoilnm.ims.ImsApplication [] [anonymous] - Starting ImsApplication using Java 22.0.1 with PID 13932 (C:\Users\Le Nhat Minh Khoi\Desktop\ims-II\ims\target\classes started by Le Nhat Minh Khoi in C:\Users\Le Nhat Minh Khoi\Desktop\ims-II\ims)
2025-01-11 16:17:01.092 [main] INFO  com.khoilnm.ims.ImsApplication [] [anonymous] - No active profile set, falling back to 1 default profile: "default"
2025-01-11 16:17:02.970 [main] INFO  com.zaxxer.hikari.HikariDataSource [] [anonymous] - HikariPool-1 - Starting...
2025-01-11 16:17:03.118 [main] INFO  com.zaxxer.hikari.pool.HikariPool [] [anonymous] - HikariPool-1 - Added connection com.mysql.cj.jdbc.ConnectionImpl@6be8ce1b
2025-01-11 16:17:03.121 [main] INFO  com.zaxxer.hikari.HikariDataSource [] [anonymous] - HikariPool-1 - Start completed.
2025-01-11 16:17:03.179 [main] WARN  org.hibernate.orm.deprecation [] [anonymous] - HHH90000025: MySQLDialect does not need to be specified explicitly using 'hibernate.dialect' (remove the property setting and it will be selected by default)
2025-01-11 16:17:05.635 [main] WARN  o.s.s.c.a.a.c.InitializeUserDetailsBeanManagerConfigurer$InitializeUserDetailsManagerConfigurer [] [anonymous] - Global AuthenticationManager configured with an AuthenticationProvider bean. UserDetailsService beans will not be used by Spring Security for automatically configuring username/password login. Consider removing the AuthenticationProvider bean. Alternatively, consider using the UserDetailsService in a manually instantiated DaoAuthenticationProvider. If the current configuration is intentional, to turn off this warning, increase the logging level of 'org.springframework.security.config.annotation.authentication.configuration.InitializeUserDetailsBeanManagerConfigurer' to ERROR
2025-01-11 16:17:05.684 [main] WARN  o.s.b.a.o.j.JpaBaseConfiguration$JpaWebConfiguration [] [anonymous] - spring.jpa.open-in-view is enabled by default. Therefore, database queries may be performed during view rendering. Explicitly configure spring.jpa.open-in-view to disable this warning
2025-01-11 16:17:06.216 [main] INFO  com.khoilnm.ims.ImsApplication [] [anonymous] - Started ImsApplication in 5.772 seconds (process running for 6.1)
2025-01-11 16:17:17.428 [http-nio-8080-exec-1] INFO  c.k.i.configuration.JwtFilterConfig [] [anonymous] - Skipping JWT filter for public path: /api/v1/auth/register
2025-01-11 16:17:17.581 [http-nio-8080-exec-1] INFO  c.k.i.c.AuthenticationController [] [anonymous] - Registering user with email: lenhatminhkhoi2@gmail.com
2025-01-11 16:18:05.146 [http-nio-8080-exec-3] INFO  c.k.i.configuration.JwtFilterConfig [] [anonymous] - Skipping JWT filter for public path: /api/v1/auth/login
2025-01-11 16:18:05.335 [http-nio-8080-exec-3] INFO  c.k.ims.serviceImpl.JwtServiceImpl [] [anonymous] - Creating access token for user: lenhatminhkhoi2@gmail.com
2025-01-11 16:18:05.372 [http-nio-8080-exec-3] INFO  c.k.ims.serviceImpl.JwtServiceImpl [] [anonymous] - Access token created for user: lenhatminhkhoi2@gmail.com
2025-01-11 16:18:05.372 [http-nio-8080-exec-3] INFO  c.k.ims.serviceImpl.JwtServiceImpl [] [anonymous] - Creating refresh token for user: Le Minh Khoa
2025-01-11 16:18:05.376 [http-nio-8080-exec-3] INFO  c.k.ims.serviceImpl.JwtServiceImpl [] [anonymous] - Saving refresh token for user: lenhatminhkhoi2@gmail.com
2025-01-11 16:18:05.382 [http-nio-8080-exec-3] INFO  c.k.ims.serviceImpl.JwtServiceImpl [] [anonymous] - No refresh token found for email: lenhatminhkhoi2@gmail.com
2025-01-11 16:18:05.394 [http-nio-8080-exec-3] INFO  c.k.ims.serviceImpl.JwtServiceImpl [] [anonymous] - Refresh token saved to database for user: lenhatminhkhoi2@gmail.com
2025-01-11 16:18:05.395 [http-nio-8080-exec-3] INFO  c.k.ims.serviceImpl.JwtServiceImpl [] [anonymous] - Refresh token created for user: lenhatminhkhoi2@gmail.com
2025-01-11 16:18:40.287 [http-nio-8080-exec-4] INFO  c.k.i.configuration.JwtFilterConfig [] [anonymous] - Processing JWT filter for path: /api/v1/user/get-all-user
2025-01-11 16:18:40.312 [http-nio-8080-exec-4] WARN  c.k.ims.serviceImpl.JwtServiceImpl [] [anonymous] - Invalid token type: expected refresh token
2025-01-11 16:18:56.896 [http-nio-8080-exec-6] INFO  c.k.i.configuration.JwtFilterConfig [] [anonymous] - Processing JWT filter for path: /api/v1/user/get-all-user
2025-01-11 16:18:56.899 [http-nio-8080-exec-6] WARN  c.k.ims.serviceImpl.JwtServiceImpl [] [anonymous] - Invalid token type: expected refresh token
2025-01-11 16:19:21.216 [http-nio-8080-exec-5] INFO  c.k.i.configuration.JwtFilterConfig [] [anonymous] - Skipping JWT filter for public path: /api/v1/auth/login
2025-01-11 16:19:21.303 [http-nio-8080-exec-5] INFO  c.k.ims.serviceImpl.JwtServiceImpl [] [anonymous] - Creating access token for user: lenhatminhkhoi2@gmail.com
2025-01-11 16:19:21.305 [http-nio-8080-exec-5] INFO  c.k.ims.serviceImpl.JwtServiceImpl [] [anonymous] - Access token created for user: lenhatminhkhoi2@gmail.com
2025-01-11 16:19:21.305 [http-nio-8080-exec-5] INFO  c.k.ims.serviceImpl.JwtServiceImpl [] [anonymous] - Creating refresh token for user: Le Minh Khoa
2025-01-11 16:19:21.306 [http-nio-8080-exec-5] INFO  c.k.ims.serviceImpl.JwtServiceImpl [] [anonymous] - Saving refresh token for user: lenhatminhkhoi2@gmail.com
2025-01-11 16:19:21.313 [http-nio-8080-exec-5] ERROR c.k.ims.serviceImpl.JwtServiceImpl [] [anonymous] - Error while deleting refresh token for email lenhatminhkhoi2@gmail.com: Executing an update/delete query
2025-01-11 16:19:21.319 [http-nio-8080-exec-5] ERROR c.k.ims.serviceImpl.JwtServiceImpl [] [anonymous] - Error when saving refresh token: Error when deleting refresh token
2025-01-11 16:19:21.319 [http-nio-8080-exec-5] ERROR c.k.ims.serviceImpl.JwtServiceImpl [] [anonymous] - Error when creating refresh token: Error when saving refresh token
2025-01-11 16:20:39.859 [http-nio-8080-exec-9] INFO  c.k.i.configuration.JwtFilterConfig [] [anonymous] - Processing JWT filter for path: /api/v1/user/profile
2025-01-11 16:20:39.859 [http-nio-8080-exec-9] WARN  c.k.ims.serviceImpl.JwtServiceImpl [] [anonymous] - Invalid token type: expected refresh token
2025-01-11 16:37:28.800 [SpringApplicationShutdownHook] INFO  com.zaxxer.hikari.HikariDataSource [] [anonymous] - HikariPool-1 - Shutdown initiated...
2025-01-11 16:37:28.807 [SpringApplicationShutdownHook] INFO  com.zaxxer.hikari.HikariDataSource [] [anonymous] - HikariPool-1 - Shutdown completed.
