2025-01-10 15:11:37.946 [main] INFO  com.khoilnm.ims.ImsApplication [] [anonymous] - Starting ImsApplication using Java 22.0.1 with PID 26936 (C:\Users\Le Nhat Minh Khoi\Desktop\ims-II\ims\target\classes started by Le Nhat Minh Khoi in C:\Users\Le Nhat Minh Khoi\Desktop\ims-II\ims)
2025-01-10 15:11:37.946 [main] INFO  com.khoilnm.ims.ImsApplication [] [anonymous] - No active profile set, falling back to 1 default profile: "default"
2025-01-10 15:11:40.752 [main] INFO  com.zaxxer.hikari.HikariDataSource [] [anonymous] - HikariPool-1 - Starting...
2025-01-10 15:11:41.011 [main] INFO  com.zaxxer.hikari.pool.HikariPool [] [anonymous] - HikariPool-1 - Added connection com.mysql.cj.jdbc.ConnectionImpl@1c815814
2025-01-10 15:11:41.011 [main] INFO  com.zaxxer.hikari.HikariDataSource [] [anonymous] - HikariPool-1 - Start completed.
2025-01-10 15:11:41.082 [main] WARN  org.hibernate.orm.deprecation [] [anonymous] - HHH90000025: MySQLDialect does not need to be specified explicitly using 'hibernate.dialect' (remove the property setting and it will be selected by default)
2025-01-10 15:11:44.412 [main] WARN  o.s.s.c.a.a.c.InitializeUserDetailsBeanManagerConfigurer$InitializeUserDetailsManagerConfigurer [] [anonymous] - Global AuthenticationManager configured with an AuthenticationProvider bean. UserDetailsService beans will not be used by Spring Security for automatically configuring username/password login. Consider removing the AuthenticationProvider bean. Alternatively, consider using the UserDetailsService in a manually instantiated DaoAuthenticationProvider. If the current configuration is intentional, to turn off this warning, increase the logging level of 'org.springframework.security.config.annotation.authentication.configuration.InitializeUserDetailsBeanManagerConfigurer' to ERROR
2025-01-10 15:11:44.483 [main] WARN  o.s.b.a.o.j.JpaBaseConfiguration$JpaWebConfiguration [] [anonymous] - spring.jpa.open-in-view is enabled by default. Therefore, database queries may be performed during view rendering. Explicitly configure spring.jpa.open-in-view to disable this warning
2025-01-10 15:11:45.363 [main] INFO  com.khoilnm.ims.ImsApplication [] [anonymous] - Started ImsApplication in 8.281 seconds (process running for 8.696)
2025-01-10 15:11:53.612 [http-nio-8080-exec-1] INFO  c.k.i.configuration.JwtFilterConfig [] [anonymous] - Skipping JWT filter for public path: /api/v1/auth/logout
2025-01-10 15:11:53.677 [http-nio-8080-exec-1] ERROR c.k.i.s.AuthenticationServiceImpl [] [anonymous] - Error while logging out: JWT String argument cannot be null or empty.
2025-01-10 15:11:53.694 [http-nio-8080-exec-1] ERROR o.a.c.c.C.[.[.[.[dispatcherServlet] [] [anonymous] - Servlet.service() for servlet [dispatcherServlet] in context with path [] threw exception [Request processing failed: java.lang.RuntimeException: java.lang.IllegalArgumentException: JWT String argument cannot be null or empty.] with root cause
java.lang.IllegalArgumentException: JWT String argument cannot be null or empty.
	at io.jsonwebtoken.lang.Assert.hasText(Assert.java:132)
	at io.jsonwebtoken.impl.DefaultJwtParser.parse(DefaultJwtParser.java:527)
	at io.jsonwebtoken.impl.DefaultJwtParser.parseClaimsJws(DefaultJwtParser.java:589)
	at io.jsonwebtoken.impl.ImmutableJwtParser.parseClaimsJws(ImmutableJwtParser.java:173)
	at com.khoilnm.ims.serviceImpl.JwtServiceImpl.extractAllClaims(JwtServiceImpl.java:285)
	at com.khoilnm.ims.serviceImpl.JwtServiceImpl.extractClaims(JwtServiceImpl.java:276)
	at com.khoilnm.ims.serviceImpl.JwtServiceImpl.getEmailFromRefreshToken(JwtServiceImpl.java:203)
	at java.base/jdk.internal.reflect.DirectMethodHandleAccessor.invoke(DirectMethodHandleAccessor.java:103)
	at java.base/java.lang.reflect.Method.invoke(Method.java:580)
	at org.springframework.aop.support.AopUtils.invokeJoinpointUsingReflection(AopUtils.java:359)
	at org.springframework.aop.framework.CglibAopProxy$DynamicAdvisedInterceptor.intercept(CglibAopProxy.java:723)
	at com.khoilnm.ims.serviceImpl.JwtServiceImpl$$SpringCGLIB$$0.getEmailFromRefreshToken(<generated>)
	at com.khoilnm.ims.serviceImpl.AuthenticationServiceImpl.logout(AuthenticationServiceImpl.java:45)
	at com.khoilnm.ims.controller.AuthenticationController.logout(AuthenticationController.java:97)
	at java.base/jdk.internal.reflect.DirectMethodHandleAccessor.invoke(DirectMethodHandleAccessor.java:103)
	at java.base/java.lang.reflect.Method.invoke(Method.java:580)
	at org.springframework.web.method.support.InvocableHandlerMethod.doInvoke(InvocableHandlerMethod.java:257)
	at org.springframework.web.method.support.InvocableHandlerMethod.invokeForRequest(InvocableHandlerMethod.java:190)
	at org.springframework.web.servlet.mvc.method.annotation.ServletInvocableHandlerMethod.invokeAndHandle(ServletInvocableHandlerMethod.java:118)
	at org.springframework.web.servlet.mvc.method.annotation.RequestMappingHandlerAdapter.invokeHandlerMethod(RequestMappingHandlerAdapter.java:986)
	at org.springframework.web.servlet.mvc.method.annotation.RequestMappingHandlerAdapter.handleInternal(RequestMappingHandlerAdapter.java:891)
	at org.springframework.web.servlet.mvc.method.AbstractHandlerMethodAdapter.handle(AbstractHandlerMethodAdapter.java:87)
	at org.springframework.web.servlet.DispatcherServlet.doDispatch(DispatcherServlet.java:1088)
	at org.springframework.web.servlet.DispatcherServlet.doService(DispatcherServlet.java:978)
	at org.springframework.web.servlet.FrameworkServlet.processRequest(FrameworkServlet.java:1014)
	at org.springframework.web.servlet.FrameworkServlet.doPost(FrameworkServlet.java:914)
	at jakarta.servlet.http.HttpServlet.service(HttpServlet.java:590)
	at org.springframework.web.servlet.FrameworkServlet.service(FrameworkServlet.java:885)
	at jakarta.servlet.http.HttpServlet.service(HttpServlet.java:658)
	at org.apache.catalina.core.ApplicationFilterChain.internalDoFilter(ApplicationFilterChain.java:195)
	at org.apache.catalina.core.ApplicationFilterChain.doFilter(ApplicationFilterChain.java:140)
	at org.apache.tomcat.websocket.server.WsFilter.doFilter(WsFilter.java:51)
	at org.apache.catalina.core.ApplicationFilterChain.internalDoFilter(ApplicationFilterChain.java:164)
	at org.apache.catalina.core.ApplicationFilterChain.doFilter(ApplicationFilterChain.java:140)
	at org.springframework.web.filter.OncePerRequestFilter.doFilter(OncePerRequestFilter.java:110)
	at org.apache.catalina.core.ApplicationFilterChain.internalDoFilter(ApplicationFilterChain.java:164)
	at org.apache.catalina.core.ApplicationFilterChain.doFilter(ApplicationFilterChain.java:140)
	at org.springframework.web.filter.OncePerRequestFilter.doFilter(OncePerRequestFilter.java:110)
	at org.apache.catalina.core.ApplicationFilterChain.internalDoFilter(ApplicationFilterChain.java:164)
	at org.apache.catalina.core.ApplicationFilterChain.doFilter(ApplicationFilterChain.java:140)
	at org.springframework.web.filter.CompositeFilter$VirtualFilterChain.doFilter(CompositeFilter.java:108)
	at org.springframework.security.web.FilterChainProxy.lambda$doFilterInternal$3(FilterChainProxy.java:231)
	at org.springframework.security.web.FilterChainProxy$VirtualFilterChain.doFilter(FilterChainProxy.java:365)
	at org.springframework.security.web.access.intercept.AuthorizationFilter.doFilter(AuthorizationFilter.java:101)
	at org.springframework.security.web.FilterChainProxy$VirtualFilterChain.doFilter(FilterChainProxy.java:374)
	at org.springframework.security.web.access.ExceptionTranslationFilter.doFilter(ExceptionTranslationFilter.java:126)
	at org.springframework.security.web.access.ExceptionTranslationFilter.doFilter(ExceptionTranslationFilter.java:120)
	at org.springframework.security.web.FilterChainProxy$VirtualFilterChain.doFilter(FilterChainProxy.java:374)
	at org.springframework.security.web.session.SessionManagementFilter.doFilter(SessionManagementFilter.java:131)
	at org.springframework.security.web.session.SessionManagementFilter.doFilter(SessionManagementFilter.java:85)
	at org.springframework.security.web.FilterChainProxy$VirtualFilterChain.doFilter(FilterChainProxy.java:374)
	at org.springframework.security.web.authentication.AnonymousAuthenticationFilter.doFilter(AnonymousAuthenticationFilter.java:100)
	at org.springframework.security.web.FilterChainProxy$VirtualFilterChain.doFilter(FilterChainProxy.java:374)
	at org.springframework.security.web.servletapi.SecurityContextHolderAwareRequestFilter.doFilter(SecurityContextHolderAwareRequestFilter.java:179)
	at org.springframework.security.web.FilterChainProxy$VirtualFilterChain.doFilter(FilterChainProxy.java:374)
	at org.springframework.security.web.savedrequest.RequestCacheAwareFilter.doFilter(RequestCacheAwareFilter.java:63)
	at org.springframework.security.web.FilterChainProxy$VirtualFilterChain.doFilter(FilterChainProxy.java:374)
	at org.springframework.security.web.authentication.www.BasicAuthenticationFilter.doFilterInternal(BasicAuthenticationFilter.java:181)
	at org.springframework.web.filter.OncePerRequestFilter.doFilter(OncePerRequestFilter.java:116)
	at org.springframework.security.web.FilterChainProxy$VirtualFilterChain.doFilter(FilterChainProxy.java:374)
	at org.springframework.security.web.authentication.AbstractAuthenticationProcessingFilter.doFilter(AbstractAuthenticationProcessingFilter.java:227)
	at org.springframework.security.web.authentication.AbstractAuthenticationProcessingFilter.doFilter(AbstractAuthenticationProcessingFilter.java:221)
	at org.springframework.security.web.FilterChainProxy$VirtualFilterChain.doFilter(FilterChainProxy.java:374)
	at com.khoilnm.ims.configuration.JwtFilterConfig.doFilterInternal(JwtFilterConfig.java:54)
	at org.springframework.web.filter.OncePerRequestFilter.doFilter(OncePerRequestFilter.java:116)
	at org.springframework.security.web.FilterChainProxy$VirtualFilterChain.doFilter(FilterChainProxy.java:374)
	at org.springframework.security.web.authentication.logout.LogoutFilter.doFilter(LogoutFilter.java:107)
	at org.springframework.security.web.authentication.logout.LogoutFilter.doFilter(LogoutFilter.java:93)
	at org.springframework.security.web.FilterChainProxy$VirtualFilterChain.doFilter(FilterChainProxy.java:374)
	at org.springframework.web.filter.CorsFilter.doFilterInternal(CorsFilter.java:91)
	at org.springframework.web.filter.OncePerRequestFilter.doFilter(OncePerRequestFilter.java:116)
	at org.springframework.security.web.FilterChainProxy$VirtualFilterChain.doFilter(FilterChainProxy.java:374)
	at org.springframework.security.web.header.HeaderWriterFilter.doHeadersAfter(HeaderWriterFilter.java:90)
	at org.springframework.security.web.header.HeaderWriterFilter.doFilterInternal(HeaderWriterFilter.java:75)
	at org.springframework.web.filter.OncePerRequestFilter.doFilter(OncePerRequestFilter.java:116)
	at org.springframework.security.web.FilterChainProxy$VirtualFilterChain.doFilter(FilterChainProxy.java:374)
	at org.springframework.security.web.context.SecurityContextHolderFilter.doFilter(SecurityContextHolderFilter.java:82)
	at org.springframework.security.web.context.SecurityContextHolderFilter.doFilter(SecurityContextHolderFilter.java:69)
	at org.springframework.security.web.FilterChainProxy$VirtualFilterChain.doFilter(FilterChainProxy.java:374)
	at org.springframework.security.web.context.request.async.WebAsyncManagerIntegrationFilter.doFilterInternal(WebAsyncManagerIntegrationFilter.java:62)
	at org.springframework.web.filter.OncePerRequestFilter.doFilter(OncePerRequestFilter.java:116)
	at org.springframework.security.web.FilterChainProxy$VirtualFilterChain.doFilter(FilterChainProxy.java:374)
	at org.springframework.security.web.session.DisableEncodeUrlFilter.doFilterInternal(DisableEncodeUrlFilter.java:42)
	at org.springframework.web.filter.OncePerRequestFilter.doFilter(OncePerRequestFilter.java:116)
	at org.springframework.security.web.FilterChainProxy$VirtualFilterChain.doFilter(FilterChainProxy.java:374)
	at org.springframework.security.web.FilterChainProxy.doFilterInternal(FilterChainProxy.java:233)
	at org.springframework.security.web.FilterChainProxy.doFilter(FilterChainProxy.java:191)
	at org.springframework.web.filter.CompositeFilter$VirtualFilterChain.doFilter(CompositeFilter.java:113)
	at org.springframework.web.servlet.handler.HandlerMappingIntrospector.lambda$createCacheFilter$3(HandlerMappingIntrospector.java:243)
	at org.springframework.web.filter.CompositeFilter$VirtualFilterChain.doFilter(CompositeFilter.java:113)
	at org.springframework.web.filter.CompositeFilter.doFilter(CompositeFilter.java:74)
	at org.springframework.security.config.annotation.web.configuration.WebMvcSecurityConfiguration$CompositeFilterChainProxy.doFilter(WebMvcSecurityConfiguration.java:238)
	at org.springframework.web.filter.DelegatingFilterProxy.invokeDelegate(DelegatingFilterProxy.java:362)
	at org.springframework.web.filter.DelegatingFilterProxy.doFilter(DelegatingFilterProxy.java:278)
	at org.apache.catalina.core.ApplicationFilterChain.internalDoFilter(ApplicationFilterChain.java:164)
	at org.apache.catalina.core.ApplicationFilterChain.doFilter(ApplicationFilterChain.java:140)
	at org.springframework.web.filter.RequestContextFilter.doFilterInternal(RequestContextFilter.java:100)
	at org.springframework.web.filter.OncePerRequestFilter.doFilter(OncePerRequestFilter.java:116)
	at org.apache.catalina.core.ApplicationFilterChain.internalDoFilter(ApplicationFilterChain.java:164)
	at org.apache.catalina.core.ApplicationFilterChain.doFilter(ApplicationFilterChain.java:140)
	at org.springframework.web.filter.FormContentFilter.doFilterInternal(FormContentFilter.java:93)
	at org.springframework.web.filter.OncePerRequestFilter.doFilter(OncePerRequestFilter.java:116)
	at org.apache.catalina.core.ApplicationFilterChain.internalDoFilter(ApplicationFilterChain.java:164)
	at org.apache.catalina.core.ApplicationFilterChain.doFilter(ApplicationFilterChain.java:140)
	at org.springframework.web.filter.CharacterEncodingFilter.doFilterInternal(CharacterEncodingFilter.java:201)
	at org.springframework.web.filter.OncePerRequestFilter.doFilter(OncePerRequestFilter.java:116)
	at org.apache.catalina.core.ApplicationFilterChain.internalDoFilter(ApplicationFilterChain.java:164)
	at org.apache.catalina.core.ApplicationFilterChain.doFilter(ApplicationFilterChain.java:140)
	at org.apache.catalina.core.StandardWrapperValve.invoke(StandardWrapperValve.java:167)
	at org.apache.catalina.core.StandardContextValve.invoke(StandardContextValve.java:90)
	at org.apache.catalina.authenticator.AuthenticatorBase.invoke(AuthenticatorBase.java:483)
	at org.apache.catalina.core.StandardHostValve.invoke(StandardHostValve.java:115)
	at org.apache.catalina.valves.ErrorReportValve.invoke(ErrorReportValve.java:93)
	at org.apache.catalina.core.StandardEngineValve.invoke(StandardEngineValve.java:74)
	at org.apache.catalina.connector.CoyoteAdapter.service(CoyoteAdapter.java:344)
	at org.apache.coyote.http11.Http11Processor.service(Http11Processor.java:397)
	at org.apache.coyote.AbstractProcessorLight.process(AbstractProcessorLight.java:63)
	at org.apache.coyote.AbstractProtocol$ConnectionHandler.process(AbstractProtocol.java:905)
	at org.apache.tomcat.util.net.NioEndpoint$SocketProcessor.doRun(NioEndpoint.java:1741)
	at org.apache.tomcat.util.net.SocketProcessorBase.run(SocketProcessorBase.java:52)
	at org.apache.tomcat.util.threads.ThreadPoolExecutor.runWorker(ThreadPoolExecutor.java:1190)
	at org.apache.tomcat.util.threads.ThreadPoolExecutor$Worker.run(ThreadPoolExecutor.java:659)
	at org.apache.tomcat.util.threads.TaskThread$WrappingRunnable.run(TaskThread.java:63)
	at java.base/java.lang.Thread.run(Thread.java:1570)
2025-01-10 15:11:58.441 [http-nio-8080-exec-3] INFO  c.k.i.configuration.JwtFilterConfig [] [anonymous] - Skipping JWT filter for public path: /api/v1/auth/register
2025-01-10 15:11:58.741 [http-nio-8080-exec-3] INFO  c.k.i.c.AuthenticationController [] [anonymous] - Registering user with email: lenhatminhkhoi1@gmail.com
2025-01-10 15:13:49.964 [SpringApplicationShutdownHook] INFO  com.zaxxer.hikari.HikariDataSource [] [anonymous] - HikariPool-1 - Shutdown initiated...
2025-01-10 15:13:49.979 [SpringApplicationShutdownHook] INFO  com.zaxxer.hikari.HikariDataSource [] [anonymous] - HikariPool-1 - Shutdown completed.
2025-01-10 15:14:04.421 [main] INFO  com.khoilnm.ims.ImsApplication [] [anonymous] - Starting ImsApplication using Java 22.0.1 with PID 1112 (C:\Users\Le Nhat Minh Khoi\Desktop\ims-II\ims\target\classes started by Le Nhat Minh Khoi in C:\Users\Le Nhat Minh Khoi\Desktop\ims-II\ims)
2025-01-10 15:14:04.421 [main] INFO  com.khoilnm.ims.ImsApplication [] [anonymous] - No active profile set, falling back to 1 default profile: "default"
2025-01-10 15:14:06.864 [main] INFO  com.zaxxer.hikari.HikariDataSource [] [anonymous] - HikariPool-1 - Starting...
2025-01-10 15:14:07.128 [main] INFO  com.zaxxer.hikari.pool.HikariPool [] [anonymous] - HikariPool-1 - Added connection com.mysql.cj.jdbc.ConnectionImpl@546083d6
2025-01-10 15:14:07.131 [main] INFO  com.zaxxer.hikari.HikariDataSource [] [anonymous] - HikariPool-1 - Start completed.
2025-01-10 15:14:07.194 [main] WARN  org.hibernate.orm.deprecation [] [anonymous] - HHH90000025: MySQLDialect does not need to be specified explicitly using 'hibernate.dialect' (remove the property setting and it will be selected by default)
2025-01-10 15:14:10.122 [main] WARN  o.s.s.c.a.a.c.InitializeUserDetailsBeanManagerConfigurer$InitializeUserDetailsManagerConfigurer [] [anonymous] - Global AuthenticationManager configured with an AuthenticationProvider bean. UserDetailsService beans will not be used by Spring Security for automatically configuring username/password login. Consider removing the AuthenticationProvider bean. Alternatively, consider using the UserDetailsService in a manually instantiated DaoAuthenticationProvider. If the current configuration is intentional, to turn off this warning, increase the logging level of 'org.springframework.security.config.annotation.authentication.configuration.InitializeUserDetailsBeanManagerConfigurer' to ERROR
2025-01-10 15:14:10.200 [main] WARN  o.s.b.a.o.j.JpaBaseConfiguration$JpaWebConfiguration [] [anonymous] - spring.jpa.open-in-view is enabled by default. Therefore, database queries may be performed during view rendering. Explicitly configure spring.jpa.open-in-view to disable this warning
2025-01-10 15:14:11.291 [main] INFO  com.khoilnm.ims.ImsApplication [] [anonymous] - Started ImsApplication in 7.608 seconds (process running for 7.985)
2025-01-10 15:14:27.968 [http-nio-8080-exec-1] INFO  c.k.i.configuration.JwtFilterConfig [] [anonymous] - Skipping JWT filter for public path: /api/v1/auth/login
2025-01-10 15:14:28.313 [http-nio-8080-exec-1] ERROR c.k.i.s.UserDetailsServiceImpl [] [anonymous] - User not found with email: lenhatminhkhoi1@gmail.com
2025-01-10 15:14:41.700 [http-nio-8080-exec-3] INFO  c.k.i.configuration.JwtFilterConfig [] [anonymous] - Skipping JWT filter for public path: /api/v1/auth/register
2025-01-10 15:14:41.741 [http-nio-8080-exec-3] INFO  c.k.i.c.AuthenticationController [] [anonymous] - Registering user with email: lenhatminhkhoi1@gmail.com
2025-01-10 15:16:21.863 [SpringApplicationShutdownHook] INFO  com.zaxxer.hikari.HikariDataSource [] [anonymous] - HikariPool-1 - Shutdown initiated...
2025-01-10 15:16:21.871 [SpringApplicationShutdownHook] INFO  com.zaxxer.hikari.HikariDataSource [] [anonymous] - HikariPool-1 - Shutdown completed.
2025-01-10 15:16:49.102 [main] INFO  com.khoilnm.ims.ImsApplication [] [anonymous] - Starting ImsApplication using Java 22.0.1 with PID 27584 (C:\Users\Le Nhat Minh Khoi\Desktop\ims-II\ims\target\classes started by Le Nhat Minh Khoi in C:\Users\Le Nhat Minh Khoi\Desktop\ims-II\ims)
2025-01-10 15:16:49.110 [main] INFO  com.khoilnm.ims.ImsApplication [] [anonymous] - No active profile set, falling back to 1 default profile: "default"
2025-01-10 15:16:51.741 [main] INFO  com.zaxxer.hikari.HikariDataSource [] [anonymous] - HikariPool-1 - Starting...
2025-01-10 15:16:51.923 [main] INFO  com.zaxxer.hikari.pool.HikariPool [] [anonymous] - HikariPool-1 - Added connection com.mysql.cj.jdbc.ConnectionImpl@a7bbdbc
2025-01-10 15:16:51.923 [main] INFO  com.zaxxer.hikari.HikariDataSource [] [anonymous] - HikariPool-1 - Start completed.
2025-01-10 15:16:51.990 [main] WARN  org.hibernate.orm.deprecation [] [anonymous] - HHH90000025: MySQLDialect does not need to be specified explicitly using 'hibernate.dialect' (remove the property setting and it will be selected by default)
2025-01-10 15:16:54.791 [main] WARN  o.s.s.c.a.a.c.InitializeUserDetailsBeanManagerConfigurer$InitializeUserDetailsManagerConfigurer [] [anonymous] - Global AuthenticationManager configured with an AuthenticationProvider bean. UserDetailsService beans will not be used by Spring Security for automatically configuring username/password login. Consider removing the AuthenticationProvider bean. Alternatively, consider using the UserDetailsService in a manually instantiated DaoAuthenticationProvider. If the current configuration is intentional, to turn off this warning, increase the logging level of 'org.springframework.security.config.annotation.authentication.configuration.InitializeUserDetailsBeanManagerConfigurer' to ERROR
2025-01-10 15:16:54.863 [main] WARN  o.s.b.a.o.j.JpaBaseConfiguration$JpaWebConfiguration [] [anonymous] - spring.jpa.open-in-view is enabled by default. Therefore, database queries may be performed during view rendering. Explicitly configure spring.jpa.open-in-view to disable this warning
2025-01-10 15:16:55.960 [main] INFO  com.khoilnm.ims.ImsApplication [] [anonymous] - Started ImsApplication in 7.55 seconds (process running for 7.966)
2025-01-10 15:17:00.851 [http-nio-8080-exec-2] INFO  c.k.i.configuration.JwtFilterConfig [] [anonymous] - Skipping JWT filter for public path: /api/v1/auth/register
2025-01-10 15:17:01.031 [http-nio-8080-exec-2] INFO  c.k.i.c.AuthenticationController [] [anonymous] - Registering user with email: lenhatminhkhoi1@gmail.com
2025-01-10 15:17:01.163 [http-nio-8080-exec-2] INFO  com.khoilnm.ims.model.BaseEntity [] [anonymous] - Setting createdBy out of condition: 1
2025-01-10 15:17:01.163 [http-nio-8080-exec-2] INFO  com.khoilnm.ims.model.BaseEntity [] [anonymous] - Setting createdBy: 1
2025-01-10 15:19:22.313 [SpringApplicationShutdownHook] INFO  com.zaxxer.hikari.HikariDataSource [] [anonymous] - HikariPool-1 - Shutdown initiated...
2025-01-10 15:19:22.341 [SpringApplicationShutdownHook] INFO  com.zaxxer.hikari.HikariDataSource [] [anonymous] - HikariPool-1 - Shutdown completed.
2025-01-10 15:20:02.781 [main] INFO  com.khoilnm.ims.ImsApplication [] [anonymous] - Starting ImsApplication using Java 22.0.1 with PID 29848 (C:\Users\Le Nhat Minh Khoi\Desktop\ims-II\ims\target\classes started by Le Nhat Minh Khoi in C:\Users\Le Nhat Minh Khoi\Desktop\ims-II\ims)
2025-01-10 15:20:02.787 [main] INFO  com.khoilnm.ims.ImsApplication [] [anonymous] - No active profile set, falling back to 1 default profile: "default"
2025-01-10 15:20:05.461 [main] INFO  com.zaxxer.hikari.HikariDataSource [] [anonymous] - HikariPool-1 - Starting...
2025-01-10 15:20:05.661 [main] INFO  com.zaxxer.hikari.pool.HikariPool [] [anonymous] - HikariPool-1 - Added connection com.mysql.cj.jdbc.ConnectionImpl@3bf01a01
2025-01-10 15:20:05.661 [main] INFO  com.zaxxer.hikari.HikariDataSource [] [anonymous] - HikariPool-1 - Start completed.
2025-01-10 15:20:05.726 [main] WARN  org.hibernate.orm.deprecation [] [anonymous] - HHH90000025: MySQLDialect does not need to be specified explicitly using 'hibernate.dialect' (remove the property setting and it will be selected by default)
2025-01-10 15:20:08.708 [main] WARN  o.s.s.c.a.a.c.InitializeUserDetailsBeanManagerConfigurer$InitializeUserDetailsManagerConfigurer [] [anonymous] - Global AuthenticationManager configured with an AuthenticationProvider bean. UserDetailsService beans will not be used by Spring Security for automatically configuring username/password login. Consider removing the AuthenticationProvider bean. Alternatively, consider using the UserDetailsService in a manually instantiated DaoAuthenticationProvider. If the current configuration is intentional, to turn off this warning, increase the logging level of 'org.springframework.security.config.annotation.authentication.configuration.InitializeUserDetailsBeanManagerConfigurer' to ERROR
2025-01-10 15:20:08.775 [main] WARN  o.s.b.a.o.j.JpaBaseConfiguration$JpaWebConfiguration [] [anonymous] - spring.jpa.open-in-view is enabled by default. Therefore, database queries may be performed during view rendering. Explicitly configure spring.jpa.open-in-view to disable this warning
2025-01-10 15:20:09.621 [main] INFO  com.khoilnm.ims.ImsApplication [] [anonymous] - Started ImsApplication in 7.597 seconds (process running for 7.973)
2025-01-10 15:20:20.583 [http-nio-8080-exec-2] INFO  c.k.i.configuration.JwtFilterConfig [] [anonymous] - Skipping JWT filter for public path: /api/v1/auth/register
2025-01-10 15:20:20.753 [http-nio-8080-exec-2] INFO  c.k.i.c.AuthenticationController [] [anonymous] - Registering user with email: lenhatminhkhoi1@gmail.com
2025-01-10 15:20:20.881 [http-nio-8080-exec-2] INFO  com.khoilnm.ims.model.BaseEntity [] [anonymous] - Setting createdBy out of condition: 1
2025-01-10 15:20:20.882 [http-nio-8080-exec-2] INFO  com.khoilnm.ims.model.BaseEntity [] [anonymous] - Setting createdBy: 1
2025-01-10 15:20:20.921 [http-nio-8080-exec-2] INFO  com.khoilnm.ims.model.BaseEntity [] [anonymous] - PrePersist: 0
2025-01-10 15:23:51.751 [SpringApplicationShutdownHook] INFO  com.zaxxer.hikari.HikariDataSource [] [anonymous] - HikariPool-1 - Shutdown initiated...
2025-01-10 15:23:51.762 [SpringApplicationShutdownHook] INFO  com.zaxxer.hikari.HikariDataSource [] [anonymous] - HikariPool-1 - Shutdown completed.
2025-01-10 15:24:22.263 [main] INFO  com.khoilnm.ims.ImsApplication [] [anonymous] - Starting ImsApplication using Java 22.0.1 with PID 25464 (C:\Users\Le Nhat Minh Khoi\Desktop\ims-II\ims\target\classes started by Le Nhat Minh Khoi in C:\Users\Le Nhat Minh Khoi\Desktop\ims-II\ims)
2025-01-10 15:24:22.266 [main] INFO  com.khoilnm.ims.ImsApplication [] [anonymous] - No active profile set, falling back to 1 default profile: "default"
2025-01-10 15:24:24.727 [main] INFO  com.zaxxer.hikari.HikariDataSource [] [anonymous] - HikariPool-1 - Starting...
2025-01-10 15:24:24.913 [main] INFO  com.zaxxer.hikari.pool.HikariPool [] [anonymous] - HikariPool-1 - Added connection com.mysql.cj.jdbc.ConnectionImpl@1c815814
2025-01-10 15:24:24.917 [main] INFO  com.zaxxer.hikari.HikariDataSource [] [anonymous] - HikariPool-1 - Start completed.
2025-01-10 15:24:24.980 [main] WARN  org.hibernate.orm.deprecation [] [anonymous] - HHH90000025: MySQLDialect does not need to be specified explicitly using 'hibernate.dialect' (remove the property setting and it will be selected by default)
2025-01-10 15:24:27.841 [main] WARN  o.s.s.c.a.a.c.InitializeUserDetailsBeanManagerConfigurer$InitializeUserDetailsManagerConfigurer [] [anonymous] - Global AuthenticationManager configured with an AuthenticationProvider bean. UserDetailsService beans will not be used by Spring Security for automatically configuring username/password login. Consider removing the AuthenticationProvider bean. Alternatively, consider using the UserDetailsService in a manually instantiated DaoAuthenticationProvider. If the current configuration is intentional, to turn off this warning, increase the logging level of 'org.springframework.security.config.annotation.authentication.configuration.InitializeUserDetailsBeanManagerConfigurer' to ERROR
2025-01-10 15:24:27.909 [main] WARN  o.s.b.a.o.j.JpaBaseConfiguration$JpaWebConfiguration [] [anonymous] - spring.jpa.open-in-view is enabled by default. Therefore, database queries may be performed during view rendering. Explicitly configure spring.jpa.open-in-view to disable this warning
2025-01-10 15:24:28.987 [main] INFO  com.khoilnm.ims.ImsApplication [] [anonymous] - Started ImsApplication in 7.464 seconds (process running for 7.845)
2025-01-10 15:25:01.923 [http-nio-8080-exec-2] INFO  c.k.i.configuration.JwtFilterConfig [] [anonymous] - Skipping JWT filter for public path: /api/v1/auth/register
2025-01-10 15:25:02.140 [http-nio-8080-exec-2] INFO  c.k.i.c.AuthenticationController [] [anonymous] - Registering user with email: lenhatminhkhoi1@gmail.com
2025-01-10 15:25:02.263 [http-nio-8080-exec-2] INFO  com.khoilnm.ims.model.BaseEntity [] [anonymous] - Setting createdBy out of condition: 1
2025-01-10 15:25:02.264 [http-nio-8080-exec-2] INFO  com.khoilnm.ims.model.BaseEntity [] [anonymous] - Setting createdBy: 1
2025-01-10 15:25:02.279 [http-nio-8080-exec-2] INFO  c.k.i.c.ApplicationAuditAware [] [anonymous] - Getting current auditor in getCurrentAuditor
2025-01-10 15:25:02.301 [http-nio-8080-exec-2] INFO  c.k.i.c.ApplicationAuditAware [] [anonymous] - Getting current auditor in getCurrentAuditor
2025-01-10 15:25:02.301 [http-nio-8080-exec-2] INFO  com.khoilnm.ims.model.BaseEntity [] [anonymous] - PrePersist: 0
2025-01-10 15:31:30.051 [http-nio-8080-exec-5] INFO  c.k.i.configuration.JwtFilterConfig [] [anonymous] - Skipping JWT filter for public path: /api/v1/auth/register
2025-01-10 15:31:30.054 [http-nio-8080-exec-5] INFO  c.k.i.c.AuthenticationController [] [anonymous] - Registering user with email: lenhatminhkhoi2@gmail.com
2025-01-10 15:31:30.156 [http-nio-8080-exec-5] INFO  com.khoilnm.ims.model.BaseEntity [] [anonymous] - Setting createdBy out of condition: 1
2025-01-10 15:31:30.156 [http-nio-8080-exec-5] INFO  com.khoilnm.ims.model.BaseEntity [] [anonymous] - Setting createdBy: 1
2025-01-10 15:31:30.158 [http-nio-8080-exec-5] INFO  c.k.i.c.ApplicationAuditAware [] [anonymous] - Getting current auditor in getCurrentAuditor
2025-01-10 15:31:30.158 [http-nio-8080-exec-5] INFO  c.k.i.c.ApplicationAuditAware [] [anonymous] - Getting current auditor in getCurrentAuditor
2025-01-10 15:31:30.159 [http-nio-8080-exec-5] INFO  com.khoilnm.ims.model.BaseEntity [] [anonymous] - PrePersist: 0
2025-01-10 15:41:30.124 [SpringApplicationShutdownHook] INFO  com.zaxxer.hikari.HikariDataSource [] [anonymous] - HikariPool-1 - Shutdown initiated...
2025-01-10 15:41:30.132 [SpringApplicationShutdownHook] INFO  com.zaxxer.hikari.HikariDataSource [] [anonymous] - HikariPool-1 - Shutdown completed.
2025-01-10 15:41:58.224 [main] INFO  com.khoilnm.ims.ImsApplication [] [anonymous] - Starting ImsApplication using Java 22.0.1 with PID 18188 (C:\Users\Le Nhat Minh Khoi\Desktop\ims-II\ims\target\classes started by Le Nhat Minh Khoi in C:\Users\Le Nhat Minh Khoi\Desktop\ims-II\ims)
2025-01-10 15:41:58.227 [main] INFO  com.khoilnm.ims.ImsApplication [] [anonymous] - No active profile set, falling back to 1 default profile: "default"
2025-01-10 15:42:00.098 [main] INFO  com.zaxxer.hikari.HikariDataSource [] [anonymous] - HikariPool-1 - Starting...
2025-01-10 15:42:00.233 [main] INFO  com.zaxxer.hikari.pool.HikariPool [] [anonymous] - HikariPool-1 - Added connection com.mysql.cj.jdbc.ConnectionImpl@a7bbdbc
2025-01-10 15:42:00.235 [main] INFO  com.zaxxer.hikari.HikariDataSource [] [anonymous] - HikariPool-1 - Start completed.
2025-01-10 15:42:00.290 [main] WARN  org.hibernate.orm.deprecation [] [anonymous] - HHH90000025: MySQLDialect does not need to be specified explicitly using 'hibernate.dialect' (remove the property setting and it will be selected by default)
2025-01-10 15:42:02.354 [main] WARN  o.s.s.c.a.a.c.InitializeUserDetailsBeanManagerConfigurer$InitializeUserDetailsManagerConfigurer [] [anonymous] - Global AuthenticationManager configured with an AuthenticationProvider bean. UserDetailsService beans will not be used by Spring Security for automatically configuring username/password login. Consider removing the AuthenticationProvider bean. Alternatively, consider using the UserDetailsService in a manually instantiated DaoAuthenticationProvider. If the current configuration is intentional, to turn off this warning, increase the logging level of 'org.springframework.security.config.annotation.authentication.configuration.InitializeUserDetailsBeanManagerConfigurer' to ERROR
2025-01-10 15:42:02.400 [main] WARN  o.s.b.a.o.j.JpaBaseConfiguration$JpaWebConfiguration [] [anonymous] - spring.jpa.open-in-view is enabled by default. Therefore, database queries may be performed during view rendering. Explicitly configure spring.jpa.open-in-view to disable this warning
2025-01-10 15:42:02.931 [main] INFO  com.khoilnm.ims.ImsApplication [] [anonymous] - Started ImsApplication in 5.371 seconds (process running for 5.698)
2025-01-10 15:42:15.638 [http-nio-8080-exec-1] INFO  c.k.i.configuration.JwtFilterConfig [] [anonymous] - Skipping JWT filter for public path: /api/v1/auth/register
2025-01-10 15:42:15.823 [http-nio-8080-exec-1] INFO  c.k.i.c.AuthenticationController [] [anonymous] - Registering user with email: lenhatminhkhoi2@gmail.com
2025-01-10 15:42:15.984 [http-nio-8080-exec-1] INFO  com.khoilnm.ims.model.BaseEntity [] [anonymous] - Setting createdBy out of condition: 1
2025-01-10 15:42:15.984 [http-nio-8080-exec-1] INFO  com.khoilnm.ims.model.BaseEntity [] [anonymous] - Setting createdBy: 1
2025-01-10 15:42:15.997 [http-nio-8080-exec-1] INFO  c.k.i.c.ApplicationAuditAware [] [anonymous] - Getting current auditor in getCurrentAuditor
2025-01-10 15:42:16.019 [http-nio-8080-exec-1] INFO  c.k.i.c.ApplicationAuditAware [] [anonymous] - Getting current auditor in getCurrentAuditor
2025-01-10 15:42:16.019 [http-nio-8080-exec-1] INFO  com.khoilnm.ims.model.BaseEntity [] [anonymous] - PrePersist: 0
2025-01-10 15:45:08.326 [SpringApplicationShutdownHook] INFO  com.zaxxer.hikari.HikariDataSource [] [anonymous] - HikariPool-1 - Shutdown initiated...
2025-01-10 15:45:08.334 [SpringApplicationShutdownHook] INFO  com.zaxxer.hikari.HikariDataSource [] [anonymous] - HikariPool-1 - Shutdown completed.
2025-01-10 15:47:15.992 [main] INFO  com.khoilnm.ims.ImsApplication [] [anonymous] - Starting ImsApplication using Java 22.0.1 with PID 19856 (C:\Users\Le Nhat Minh Khoi\Desktop\ims-II\ims\target\classes started by Le Nhat Minh Khoi in C:\Users\Le Nhat Minh Khoi\Desktop\ims-II\ims)
2025-01-10 15:47:15.995 [main] INFO  com.khoilnm.ims.ImsApplication [] [anonymous] - No active profile set, falling back to 1 default profile: "default"
2025-01-10 15:47:18.789 [main] INFO  com.zaxxer.hikari.HikariDataSource [] [anonymous] - HikariPool-1 - Starting...
2025-01-10 15:47:18.971 [main] INFO  com.zaxxer.hikari.pool.HikariPool [] [anonymous] - HikariPool-1 - Added connection com.mysql.cj.jdbc.ConnectionImpl@4e26564d
2025-01-10 15:47:18.973 [main] INFO  com.zaxxer.hikari.HikariDataSource [] [anonymous] - HikariPool-1 - Start completed.
2025-01-10 15:47:19.030 [main] WARN  org.hibernate.orm.deprecation [] [anonymous] - HHH90000025: MySQLDialect does not need to be specified explicitly using 'hibernate.dialect' (remove the property setting and it will be selected by default)
2025-01-10 15:47:21.888 [main] WARN  o.s.s.c.a.a.c.InitializeUserDetailsBeanManagerConfigurer$InitializeUserDetailsManagerConfigurer [] [anonymous] - Global AuthenticationManager configured with an AuthenticationProvider bean. UserDetailsService beans will not be used by Spring Security for automatically configuring username/password login. Consider removing the AuthenticationProvider bean. Alternatively, consider using the UserDetailsService in a manually instantiated DaoAuthenticationProvider. If the current configuration is intentional, to turn off this warning, increase the logging level of 'org.springframework.security.config.annotation.authentication.configuration.InitializeUserDetailsBeanManagerConfigurer' to ERROR
2025-01-10 15:47:21.967 [main] WARN  o.s.b.a.o.j.JpaBaseConfiguration$JpaWebConfiguration [] [anonymous] - spring.jpa.open-in-view is enabled by default. Therefore, database queries may be performed during view rendering. Explicitly configure spring.jpa.open-in-view to disable this warning
2025-01-10 15:47:22.755 [main] INFO  com.khoilnm.ims.ImsApplication [] [anonymous] - Started ImsApplication in 7.762 seconds (process running for 8.3)
2025-01-10 15:47:41.959 [http-nio-8080-exec-3] INFO  c.k.i.configuration.JwtFilterConfig [] [anonymous] - Skipping JWT filter for public path: /api/v1/auth/login
2025-01-10 15:47:42.271 [http-nio-8080-exec-3] ERROR c.k.i.s.UserDetailsServiceImpl [] [anonymous] - User not found with email: lenhatminhkhoi1@gmail.com
2025-01-10 15:47:44.438 [http-nio-8080-exec-4] INFO  c.k.i.configuration.JwtFilterConfig [] [anonymous] - Skipping JWT filter for public path: /api/v1/auth/login
2025-01-10 15:47:44.447 [http-nio-8080-exec-4] ERROR c.k.i.s.UserDetailsServiceImpl [] [anonymous] - User not found with email: lenhatminhkhoi1@gmail.com
2025-01-10 15:47:53.503 [http-nio-8080-exec-2] INFO  c.k.i.configuration.JwtFilterConfig [] [anonymous] - Skipping JWT filter for public path: /api/v1/auth/login
2025-01-10 15:47:53.637 [http-nio-8080-exec-2] INFO  c.k.ims.serviceImpl.JwtServiceImpl [] [anonymous] - Creating access token for user: lenhatminhkhoi2@gmail.com
2025-01-10 15:47:53.685 [http-nio-8080-exec-2] INFO  c.k.ims.serviceImpl.JwtServiceImpl [] [anonymous] - Access token created for user: lenhatminhkhoi2@gmail.com
2025-01-10 15:47:53.686 [http-nio-8080-exec-2] INFO  c.k.ims.serviceImpl.JwtServiceImpl [] [anonymous] - Creating refresh token for user: Le Minh Khoa
2025-01-10 15:47:53.691 [http-nio-8080-exec-2] INFO  c.k.ims.serviceImpl.JwtServiceImpl [] [anonymous] - Saving refresh token for user: lenhatminhkhoi2@gmail.com
2025-01-10 15:47:53.699 [http-nio-8080-exec-2] INFO  c.k.ims.serviceImpl.JwtServiceImpl [] [anonymous] - No refresh token found for email: lenhatminhkhoi2@gmail.com
2025-01-10 15:47:53.700 [http-nio-8080-exec-2] INFO  c.k.ims.serviceImpl.JwtServiceImpl [] [anonymous] - Length of refresh token: 344
2025-01-10 15:47:53.700 [http-nio-8080-exec-2] INFO  c.k.ims.serviceImpl.JwtServiceImpl [] [anonymous] - Refresh token: eyJhbGciOiJIUzUxMiJ9.eyJzZXJpZXMiOiJpbEk0YmtfTjVPNUltY2pNZ1V4NW1qcE5fUnZhZFo2czlrdURxeDdmZW1JIiwidHlwZSI6InJlZnJlc2giLCJlbWFpbCI6ImxlbmhhdG1pbmhraG9pMkBnbWFpbC5jb20iLCJzdWIiOiJsZW5oYXRtaW5oa2hvaTJAZ21haWwuY29tIiwiaWF0IjoxNzM2NDk4ODczLCJleHAiOjE3MzY1MDYwNzN9.t0i0GwpNIC5ndQFyQXtsOB87qrOsdDLlrgsuLcS1642WwAiOs9DVDJzrUxl3L0fHiIXXlTzmzDL3S6HtQRPT3g
2025-01-10 15:47:53.700 [http-nio-8080-exec-2] INFO  c.k.ims.serviceImpl.JwtServiceImpl [] [anonymous] - User id: 8
2025-01-10 15:47:53.787 [http-nio-8080-exec-2] INFO  c.k.ims.serviceImpl.JwtServiceImpl [] [anonymous] - Refresh token saved to database for user: lenhatminhkhoi2@gmail.com
2025-01-10 15:47:53.788 [http-nio-8080-exec-2] INFO  c.k.ims.serviceImpl.JwtServiceImpl [] [anonymous] - Refresh token created for user: lenhatminhkhoi2@gmail.com
2025-01-10 15:50:27.177 [SpringApplicationShutdownHook] INFO  com.zaxxer.hikari.HikariDataSource [] [anonymous] - HikariPool-1 - Shutdown initiated...
2025-01-10 15:50:27.184 [SpringApplicationShutdownHook] INFO  com.zaxxer.hikari.HikariDataSource [] [anonymous] - HikariPool-1 - Shutdown completed.
2025-01-10 15:50:39.538 [main] INFO  com.khoilnm.ims.ImsApplication [] [anonymous] - Starting ImsApplication using Java 22.0.1 with PID 24668 (C:\Users\Le Nhat Minh Khoi\Desktop\ims-II\ims\target\classes started by Le Nhat Minh Khoi in C:\Users\Le Nhat Minh Khoi\Desktop\ims-II\ims)
2025-01-10 15:50:39.542 [main] INFO  com.khoilnm.ims.ImsApplication [] [anonymous] - No active profile set, falling back to 1 default profile: "default"
2025-01-10 15:50:42.732 [main] INFO  com.zaxxer.hikari.HikariDataSource [] [anonymous] - HikariPool-1 - Starting...
2025-01-10 15:50:42.961 [main] INFO  com.zaxxer.hikari.pool.HikariPool [] [anonymous] - HikariPool-1 - Added connection com.mysql.cj.jdbc.ConnectionImpl@2374452a
2025-01-10 15:50:42.964 [main] INFO  com.zaxxer.hikari.HikariDataSource [] [anonymous] - HikariPool-1 - Start completed.
2025-01-10 15:50:43.034 [main] WARN  org.hibernate.orm.deprecation [] [anonymous] - HHH90000025: MySQLDialect does not need to be specified explicitly using 'hibernate.dialect' (remove the property setting and it will be selected by default)
2025-01-10 15:50:46.198 [main] WARN  o.s.s.c.a.a.c.InitializeUserDetailsBeanManagerConfigurer$InitializeUserDetailsManagerConfigurer [] [anonymous] - Global AuthenticationManager configured with an AuthenticationProvider bean. UserDetailsService beans will not be used by Spring Security for automatically configuring username/password login. Consider removing the AuthenticationProvider bean. Alternatively, consider using the UserDetailsService in a manually instantiated DaoAuthenticationProvider. If the current configuration is intentional, to turn off this warning, increase the logging level of 'org.springframework.security.config.annotation.authentication.configuration.InitializeUserDetailsBeanManagerConfigurer' to ERROR
2025-01-10 15:50:46.262 [main] WARN  o.s.b.a.o.j.JpaBaseConfiguration$JpaWebConfiguration [] [anonymous] - spring.jpa.open-in-view is enabled by default. Therefore, database queries may be performed during view rendering. Explicitly configure spring.jpa.open-in-view to disable this warning
2025-01-10 15:50:47.063 [main] INFO  com.khoilnm.ims.ImsApplication [] [anonymous] - Started ImsApplication in 8.295 seconds (process running for 8.669)
2025-01-10 15:50:49.801 [http-nio-8080-exec-1] INFO  c.k.i.configuration.JwtFilterConfig [] [anonymous] - Skipping JWT filter for public path: /api/v1/auth/logout
2025-01-10 15:50:49.904 [http-nio-8080-exec-1] INFO  c.k.ims.serviceImpl.JwtServiceImpl [] [anonymous] - Successfully deleted 1 refresh token(s) for email: lenhatminhkhoi2@gmail.com
2025-01-10 15:51:04.435 [http-nio-8080-exec-6] INFO  c.k.i.configuration.JwtFilterConfig [] [anonymous] - Skipping JWT filter for public path: /api/v1/auth/login
2025-01-10 15:51:04.690 [http-nio-8080-exec-6] INFO  c.k.ims.serviceImpl.JwtServiceImpl [] [anonymous] - Creating access token for user: lenhatminhkhoi2@gmail.com
2025-01-10 15:51:04.706 [http-nio-8080-exec-6] INFO  c.k.ims.serviceImpl.JwtServiceImpl [] [anonymous] - Access token created for user: lenhatminhkhoi2@gmail.com
2025-01-10 15:51:04.706 [http-nio-8080-exec-6] INFO  c.k.ims.serviceImpl.JwtServiceImpl [] [anonymous] - Creating refresh token for user: Le Minh Khoa
2025-01-10 15:51:04.708 [http-nio-8080-exec-6] INFO  c.k.ims.serviceImpl.JwtServiceImpl [] [anonymous] - Saving refresh token for user: lenhatminhkhoi2@gmail.com
2025-01-10 15:51:04.711 [http-nio-8080-exec-6] INFO  c.k.ims.serviceImpl.JwtServiceImpl [] [anonymous] - No refresh token found for email: lenhatminhkhoi2@gmail.com
2025-01-10 15:51:04.718 [http-nio-8080-exec-6] INFO  c.k.i.c.ApplicationAuditAware [] [anonymous] - Getting current user
2025-01-10 15:51:04.718 [http-nio-8080-exec-6] INFO  c.k.i.c.ApplicationAuditAware [] [anonymous] - No user found
2025-01-10 15:51:04.778 [http-nio-8080-exec-6] INFO  c.k.ims.serviceImpl.JwtServiceImpl [] [anonymous] - Refresh token saved to database for user: lenhatminhkhoi2@gmail.com
2025-01-10 15:51:04.779 [http-nio-8080-exec-6] INFO  c.k.ims.serviceImpl.JwtServiceImpl [] [anonymous] - Refresh token created for user: lenhatminhkhoi2@gmail.com
2025-01-10 15:53:46.397 [http-nio-8080-exec-5] INFO  c.k.i.configuration.JwtFilterConfig [] [anonymous] - Skipping JWT filter for public path: /api/v1/auth/logout
2025-01-10 15:53:46.407 [http-nio-8080-exec-5] INFO  c.k.ims.serviceImpl.JwtServiceImpl [] [anonymous] - Successfully deleted 1 refresh token(s) for email: lenhatminhkhoi2@gmail.com
2025-01-10 15:53:50.248 [http-nio-8080-exec-7] INFO  c.k.i.configuration.JwtFilterConfig [] [anonymous] - Skipping JWT filter for public path: /api/v1/auth/logout
2025-01-10 15:53:50.251 [http-nio-8080-exec-7] ERROR c.k.i.s.AuthenticationServiceImpl [] [anonymous] - Error while logging out: JWT String argument cannot be null or empty.
2025-01-10 15:53:50.259 [http-nio-8080-exec-7] ERROR o.a.c.c.C.[.[.[.[dispatcherServlet] [] [anonymous] - Servlet.service() for servlet [dispatcherServlet] in context with path [] threw exception [Request processing failed: java.lang.RuntimeException: java.lang.IllegalArgumentException: JWT String argument cannot be null or empty.] with root cause
java.lang.IllegalArgumentException: JWT String argument cannot be null or empty.
	at io.jsonwebtoken.lang.Assert.hasText(Assert.java:132)
	at io.jsonwebtoken.impl.DefaultJwtParser.parse(DefaultJwtParser.java:527)
	at io.jsonwebtoken.impl.DefaultJwtParser.parseClaimsJws(DefaultJwtParser.java:589)
	at io.jsonwebtoken.impl.ImmutableJwtParser.parseClaimsJws(ImmutableJwtParser.java:173)
	at com.khoilnm.ims.serviceImpl.JwtServiceImpl.extractAllClaims(JwtServiceImpl.java:286)
	at com.khoilnm.ims.serviceImpl.JwtServiceImpl.extractClaims(JwtServiceImpl.java:277)
	at com.khoilnm.ims.serviceImpl.JwtServiceImpl.getEmailFromRefreshToken(JwtServiceImpl.java:204)
	at java.base/jdk.internal.reflect.DirectMethodHandleAccessor.invoke(DirectMethodHandleAccessor.java:103)
	at java.base/java.lang.reflect.Method.invoke(Method.java:580)
	at org.springframework.aop.support.AopUtils.invokeJoinpointUsingReflection(AopUtils.java:359)
	at org.springframework.aop.framework.CglibAopProxy$DynamicAdvisedInterceptor.intercept(CglibAopProxy.java:723)
	at com.khoilnm.ims.serviceImpl.JwtServiceImpl$$SpringCGLIB$$0.getEmailFromRefreshToken(<generated>)
	at com.khoilnm.ims.serviceImpl.AuthenticationServiceImpl.logout(AuthenticationServiceImpl.java:45)
	at com.khoilnm.ims.controller.AuthenticationController.logout(AuthenticationController.java:97)
	at java.base/jdk.internal.reflect.DirectMethodHandleAccessor.invoke(DirectMethodHandleAccessor.java:103)
	at java.base/java.lang.reflect.Method.invoke(Method.java:580)
	at org.springframework.web.method.support.InvocableHandlerMethod.doInvoke(InvocableHandlerMethod.java:257)
	at org.springframework.web.method.support.InvocableHandlerMethod.invokeForRequest(InvocableHandlerMethod.java:190)
	at org.springframework.web.servlet.mvc.method.annotation.ServletInvocableHandlerMethod.invokeAndHandle(ServletInvocableHandlerMethod.java:118)
	at org.springframework.web.servlet.mvc.method.annotation.RequestMappingHandlerAdapter.invokeHandlerMethod(RequestMappingHandlerAdapter.java:986)
	at org.springframework.web.servlet.mvc.method.annotation.RequestMappingHandlerAdapter.handleInternal(RequestMappingHandlerAdapter.java:891)
	at org.springframework.web.servlet.mvc.method.AbstractHandlerMethodAdapter.handle(AbstractHandlerMethodAdapter.java:87)
	at org.springframework.web.servlet.DispatcherServlet.doDispatch(DispatcherServlet.java:1088)
	at org.springframework.web.servlet.DispatcherServlet.doService(DispatcherServlet.java:978)
	at org.springframework.web.servlet.FrameworkServlet.processRequest(FrameworkServlet.java:1014)
	at org.springframework.web.servlet.FrameworkServlet.doPost(FrameworkServlet.java:914)
	at jakarta.servlet.http.HttpServlet.service(HttpServlet.java:590)
	at org.springframework.web.servlet.FrameworkServlet.service(FrameworkServlet.java:885)
	at jakarta.servlet.http.HttpServlet.service(HttpServlet.java:658)
	at org.apache.catalina.core.ApplicationFilterChain.internalDoFilter(ApplicationFilterChain.java:195)
	at org.apache.catalina.core.ApplicationFilterChain.doFilter(ApplicationFilterChain.java:140)
	at org.apache.tomcat.websocket.server.WsFilter.doFilter(WsFilter.java:51)
	at org.apache.catalina.core.ApplicationFilterChain.internalDoFilter(ApplicationFilterChain.java:164)
	at org.apache.catalina.core.ApplicationFilterChain.doFilter(ApplicationFilterChain.java:140)
	at org.springframework.web.filter.OncePerRequestFilter.doFilter(OncePerRequestFilter.java:110)
	at org.apache.catalina.core.ApplicationFilterChain.internalDoFilter(ApplicationFilterChain.java:164)
	at org.apache.catalina.core.ApplicationFilterChain.doFilter(ApplicationFilterChain.java:140)
	at org.springframework.web.filter.OncePerRequestFilter.doFilter(OncePerRequestFilter.java:110)
	at org.apache.catalina.core.ApplicationFilterChain.internalDoFilter(ApplicationFilterChain.java:164)
	at org.apache.catalina.core.ApplicationFilterChain.doFilter(ApplicationFilterChain.java:140)
	at org.springframework.web.filter.CompositeFilter$VirtualFilterChain.doFilter(CompositeFilter.java:108)
	at org.springframework.security.web.FilterChainProxy.lambda$doFilterInternal$3(FilterChainProxy.java:231)
	at org.springframework.security.web.FilterChainProxy$VirtualFilterChain.doFilter(FilterChainProxy.java:365)
	at org.springframework.security.web.access.intercept.AuthorizationFilter.doFilter(AuthorizationFilter.java:101)
	at org.springframework.security.web.FilterChainProxy$VirtualFilterChain.doFilter(FilterChainProxy.java:374)
	at org.springframework.security.web.access.ExceptionTranslationFilter.doFilter(ExceptionTranslationFilter.java:126)
	at org.springframework.security.web.access.ExceptionTranslationFilter.doFilter(ExceptionTranslationFilter.java:120)
	at org.springframework.security.web.FilterChainProxy$VirtualFilterChain.doFilter(FilterChainProxy.java:374)
	at org.springframework.security.web.session.SessionManagementFilter.doFilter(SessionManagementFilter.java:131)
	at org.springframework.security.web.session.SessionManagementFilter.doFilter(SessionManagementFilter.java:85)
	at org.springframework.security.web.FilterChainProxy$VirtualFilterChain.doFilter(FilterChainProxy.java:374)
	at org.springframework.security.web.authentication.AnonymousAuthenticationFilter.doFilter(AnonymousAuthenticationFilter.java:100)
	at org.springframework.security.web.FilterChainProxy$VirtualFilterChain.doFilter(FilterChainProxy.java:374)
	at org.springframework.security.web.servletapi.SecurityContextHolderAwareRequestFilter.doFilter(SecurityContextHolderAwareRequestFilter.java:179)
	at org.springframework.security.web.FilterChainProxy$VirtualFilterChain.doFilter(FilterChainProxy.java:374)
	at org.springframework.security.web.savedrequest.RequestCacheAwareFilter.doFilter(RequestCacheAwareFilter.java:63)
	at org.springframework.security.web.FilterChainProxy$VirtualFilterChain.doFilter(FilterChainProxy.java:374)
	at org.springframework.security.web.authentication.www.BasicAuthenticationFilter.doFilterInternal(BasicAuthenticationFilter.java:181)
	at org.springframework.web.filter.OncePerRequestFilter.doFilter(OncePerRequestFilter.java:116)
	at org.springframework.security.web.FilterChainProxy$VirtualFilterChain.doFilter(FilterChainProxy.java:374)
	at org.springframework.security.web.authentication.AbstractAuthenticationProcessingFilter.doFilter(AbstractAuthenticationProcessingFilter.java:227)
	at org.springframework.security.web.authentication.AbstractAuthenticationProcessingFilter.doFilter(AbstractAuthenticationProcessingFilter.java:221)
	at org.springframework.security.web.FilterChainProxy$VirtualFilterChain.doFilter(FilterChainProxy.java:374)
	at com.khoilnm.ims.configuration.JwtFilterConfig.doFilterInternal(JwtFilterConfig.java:54)
	at org.springframework.web.filter.OncePerRequestFilter.doFilter(OncePerRequestFilter.java:116)
	at org.springframework.security.web.FilterChainProxy$VirtualFilterChain.doFilter(FilterChainProxy.java:374)
	at org.springframework.security.web.authentication.logout.LogoutFilter.doFilter(LogoutFilter.java:107)
	at org.springframework.security.web.authentication.logout.LogoutFilter.doFilter(LogoutFilter.java:93)
	at org.springframework.security.web.FilterChainProxy$VirtualFilterChain.doFilter(FilterChainProxy.java:374)
	at org.springframework.web.filter.CorsFilter.doFilterInternal(CorsFilter.java:91)
	at org.springframework.web.filter.OncePerRequestFilter.doFilter(OncePerRequestFilter.java:116)
	at org.springframework.security.web.FilterChainProxy$VirtualFilterChain.doFilter(FilterChainProxy.java:374)
	at org.springframework.security.web.header.HeaderWriterFilter.doHeadersAfter(HeaderWriterFilter.java:90)
	at org.springframework.security.web.header.HeaderWriterFilter.doFilterInternal(HeaderWriterFilter.java:75)
	at org.springframework.web.filter.OncePerRequestFilter.doFilter(OncePerRequestFilter.java:116)
	at org.springframework.security.web.FilterChainProxy$VirtualFilterChain.doFilter(FilterChainProxy.java:374)
	at org.springframework.security.web.context.SecurityContextHolderFilter.doFilter(SecurityContextHolderFilter.java:82)
	at org.springframework.security.web.context.SecurityContextHolderFilter.doFilter(SecurityContextHolderFilter.java:69)
	at org.springframework.security.web.FilterChainProxy$VirtualFilterChain.doFilter(FilterChainProxy.java:374)
	at org.springframework.security.web.context.request.async.WebAsyncManagerIntegrationFilter.doFilterInternal(WebAsyncManagerIntegrationFilter.java:62)
	at org.springframework.web.filter.OncePerRequestFilter.doFilter(OncePerRequestFilter.java:116)
	at org.springframework.security.web.FilterChainProxy$VirtualFilterChain.doFilter(FilterChainProxy.java:374)
	at org.springframework.security.web.session.DisableEncodeUrlFilter.doFilterInternal(DisableEncodeUrlFilter.java:42)
	at org.springframework.web.filter.OncePerRequestFilter.doFilter(OncePerRequestFilter.java:116)
	at org.springframework.security.web.FilterChainProxy$VirtualFilterChain.doFilter(FilterChainProxy.java:374)
	at org.springframework.security.web.FilterChainProxy.doFilterInternal(FilterChainProxy.java:233)
	at org.springframework.security.web.FilterChainProxy.doFilter(FilterChainProxy.java:191)
	at org.springframework.web.filter.CompositeFilter$VirtualFilterChain.doFilter(CompositeFilter.java:113)
	at org.springframework.web.servlet.handler.HandlerMappingIntrospector.lambda$createCacheFilter$3(HandlerMappingIntrospector.java:243)
	at org.springframework.web.filter.CompositeFilter$VirtualFilterChain.doFilter(CompositeFilter.java:113)
	at org.springframework.web.filter.CompositeFilter.doFilter(CompositeFilter.java:74)
	at org.springframework.security.config.annotation.web.configuration.WebMvcSecurityConfiguration$CompositeFilterChainProxy.doFilter(WebMvcSecurityConfiguration.java:238)
	at org.springframework.web.filter.DelegatingFilterProxy.invokeDelegate(DelegatingFilterProxy.java:362)
	at org.springframework.web.filter.DelegatingFilterProxy.doFilter(DelegatingFilterProxy.java:278)
	at org.apache.catalina.core.ApplicationFilterChain.internalDoFilter(ApplicationFilterChain.java:164)
	at org.apache.catalina.core.ApplicationFilterChain.doFilter(ApplicationFilterChain.java:140)
	at org.springframework.web.filter.RequestContextFilter.doFilterInternal(RequestContextFilter.java:100)
	at org.springframework.web.filter.OncePerRequestFilter.doFilter(OncePerRequestFilter.java:116)
	at org.apache.catalina.core.ApplicationFilterChain.internalDoFilter(ApplicationFilterChain.java:164)
	at org.apache.catalina.core.ApplicationFilterChain.doFilter(ApplicationFilterChain.java:140)
	at org.springframework.web.filter.FormContentFilter.doFilterInternal(FormContentFilter.java:93)
	at org.springframework.web.filter.OncePerRequestFilter.doFilter(OncePerRequestFilter.java:116)
	at org.apache.catalina.core.ApplicationFilterChain.internalDoFilter(ApplicationFilterChain.java:164)
	at org.apache.catalina.core.ApplicationFilterChain.doFilter(ApplicationFilterChain.java:140)
	at org.springframework.web.filter.CharacterEncodingFilter.doFilterInternal(CharacterEncodingFilter.java:201)
	at org.springframework.web.filter.OncePerRequestFilter.doFilter(OncePerRequestFilter.java:116)
	at org.apache.catalina.core.ApplicationFilterChain.internalDoFilter(ApplicationFilterChain.java:164)
	at org.apache.catalina.core.ApplicationFilterChain.doFilter(ApplicationFilterChain.java:140)
	at org.apache.catalina.core.StandardWrapperValve.invoke(StandardWrapperValve.java:167)
	at org.apache.catalina.core.StandardContextValve.invoke(StandardContextValve.java:90)
	at org.apache.catalina.authenticator.AuthenticatorBase.invoke(AuthenticatorBase.java:483)
	at org.apache.catalina.core.StandardHostValve.invoke(StandardHostValve.java:115)
	at org.apache.catalina.valves.ErrorReportValve.invoke(ErrorReportValve.java:93)
	at org.apache.catalina.core.StandardEngineValve.invoke(StandardEngineValve.java:74)
	at org.apache.catalina.connector.CoyoteAdapter.service(CoyoteAdapter.java:344)
	at org.apache.coyote.http11.Http11Processor.service(Http11Processor.java:397)
	at org.apache.coyote.AbstractProcessorLight.process(AbstractProcessorLight.java:63)
	at org.apache.coyote.AbstractProtocol$ConnectionHandler.process(AbstractProtocol.java:905)
	at org.apache.tomcat.util.net.NioEndpoint$SocketProcessor.doRun(NioEndpoint.java:1741)
	at org.apache.tomcat.util.net.SocketProcessorBase.run(SocketProcessorBase.java:52)
	at org.apache.tomcat.util.threads.ThreadPoolExecutor.runWorker(ThreadPoolExecutor.java:1190)
	at org.apache.tomcat.util.threads.ThreadPoolExecutor$Worker.run(ThreadPoolExecutor.java:659)
	at org.apache.tomcat.util.threads.TaskThread$WrappingRunnable.run(TaskThread.java:63)
	at java.base/java.lang.Thread.run(Thread.java:1570)
2025-01-10 15:55:04.834 [SpringApplicationShutdownHook] INFO  com.zaxxer.hikari.HikariDataSource [] [anonymous] - HikariPool-1 - Shutdown initiated...
2025-01-10 15:55:04.841 [SpringApplicationShutdownHook] INFO  com.zaxxer.hikari.HikariDataSource [] [anonymous] - HikariPool-1 - Shutdown completed.
2025-01-10 15:55:14.273 [main] INFO  com.khoilnm.ims.ImsApplication [] [anonymous] - Starting ImsApplication using Java 22.0.1 with PID 11032 (C:\Users\Le Nhat Minh Khoi\Desktop\ims-II\ims\target\classes started by Le Nhat Minh Khoi in C:\Users\Le Nhat Minh Khoi\Desktop\ims-II\ims)
2025-01-10 15:55:14.275 [main] INFO  com.khoilnm.ims.ImsApplication [] [anonymous] - No active profile set, falling back to 1 default profile: "default"
2025-01-10 15:55:16.446 [main] INFO  com.zaxxer.hikari.HikariDataSource [] [anonymous] - HikariPool-1 - Starting...
2025-01-10 15:55:16.633 [main] INFO  com.zaxxer.hikari.pool.HikariPool [] [anonymous] - HikariPool-1 - Added connection com.mysql.cj.jdbc.ConnectionImpl@71285693
2025-01-10 15:55:16.636 [main] INFO  com.zaxxer.hikari.HikariDataSource [] [anonymous] - HikariPool-1 - Start completed.
2025-01-10 15:55:16.707 [main] WARN  org.hibernate.orm.deprecation [] [anonymous] - HHH90000025: MySQLDialect does not need to be specified explicitly using 'hibernate.dialect' (remove the property setting and it will be selected by default)
2025-01-10 15:55:20.670 [main] WARN  o.s.s.c.a.a.c.InitializeUserDetailsBeanManagerConfigurer$InitializeUserDetailsManagerConfigurer [] [anonymous] - Global AuthenticationManager configured with an AuthenticationProvider bean. UserDetailsService beans will not be used by Spring Security for automatically configuring username/password login. Consider removing the AuthenticationProvider bean. Alternatively, consider using the UserDetailsService in a manually instantiated DaoAuthenticationProvider. If the current configuration is intentional, to turn off this warning, increase the logging level of 'org.springframework.security.config.annotation.authentication.configuration.InitializeUserDetailsBeanManagerConfigurer' to ERROR
2025-01-10 15:55:20.734 [main] WARN  o.s.b.a.o.j.JpaBaseConfiguration$JpaWebConfiguration [] [anonymous] - spring.jpa.open-in-view is enabled by default. Therefore, database queries may be performed during view rendering. Explicitly configure spring.jpa.open-in-view to disable this warning
2025-01-10 15:55:21.482 [main] INFO  com.khoilnm.ims.ImsApplication [] [anonymous] - Started ImsApplication in 7.81 seconds (process running for 8.142)
2025-01-10 15:58:08.554 [http-nio-8080-exec-2] INFO  c.k.i.configuration.JwtFilterConfig [] [anonymous] - Skipping JWT filter for public path: /api/v1/auth/login
2025-01-10 15:58:09.004 [http-nio-8080-exec-2] INFO  c.k.ims.serviceImpl.JwtServiceImpl [] [anonymous] - Creating access token for user: lenhatminhkhoi2@gmail.com
2025-01-10 15:58:09.062 [http-nio-8080-exec-2] INFO  c.k.ims.serviceImpl.JwtServiceImpl [] [anonymous] - Access token created for user: lenhatminhkhoi2@gmail.com
2025-01-10 15:58:09.063 [http-nio-8080-exec-2] INFO  c.k.ims.serviceImpl.JwtServiceImpl [] [anonymous] - Creating refresh token for user: Le Minh Khoa
2025-01-10 15:58:09.066 [http-nio-8080-exec-2] INFO  c.k.ims.serviceImpl.JwtServiceImpl [] [anonymous] - Saving refresh token for user: lenhatminhkhoi2@gmail.com
2025-01-10 15:58:09.073 [http-nio-8080-exec-2] INFO  c.k.ims.serviceImpl.JwtServiceImpl [] [anonymous] - No refresh token found for email: lenhatminhkhoi2@gmail.com
2025-01-10 15:58:09.093 [http-nio-8080-exec-2] INFO  c.k.i.c.ApplicationAuditAware [] [anonymous] - Getting current user
2025-01-10 15:58:09.094 [http-nio-8080-exec-2] INFO  c.k.i.c.ApplicationAuditAware [] [anonymous] - No user found
2025-01-10 15:58:09.181 [http-nio-8080-exec-2] INFO  c.k.ims.serviceImpl.JwtServiceImpl [] [anonymous] - Refresh token saved to database for user: lenhatminhkhoi2@gmail.com
2025-01-10 15:58:09.182 [http-nio-8080-exec-2] INFO  c.k.ims.serviceImpl.JwtServiceImpl [] [anonymous] - Refresh token created for user: lenhatminhkhoi2@gmail.com
2025-01-10 16:01:33.768 [SpringApplicationShutdownHook] INFO  com.zaxxer.hikari.HikariDataSource [] [anonymous] - HikariPool-1 - Shutdown initiated...
2025-01-10 16:01:33.777 [SpringApplicationShutdownHook] INFO  com.zaxxer.hikari.HikariDataSource [] [anonymous] - HikariPool-1 - Shutdown completed.
