2025-01-12 10:58:19.686 [main] INFO  com.khoilnm.ims.ImsApplication [] [anonymous] - Starting ImsApplication using Java 22.0.1 with PID 36648 (C:\Users\Le Nhat Minh Khoi\Desktop\ims-II\ims\target\classes started by Le Nhat Minh Khoi in C:\Users\Le Nhat Minh Khoi\Desktop\ims-II\ims)
2025-01-12 10:58:19.688 [main] INFO  com.khoilnm.ims.ImsApplication [] [anonymous] - No active profile set, falling back to 1 default profile: "default"
2025-01-12 10:58:21.936 [main] INFO  com.zaxxer.hikari.HikariDataSource [] [anonymous] - HikariPool-1 - Starting...
2025-01-12 10:58:22.106 [main] INFO  com.zaxxer.hikari.pool.HikariPool [] [anonymous] - HikariPool-1 - Added connection com.mysql.cj.jdbc.ConnectionImpl@5b88af70
2025-01-12 10:58:22.119 [main] INFO  com.zaxxer.hikari.HikariDataSource [] [anonymous] - HikariPool-1 - Start completed.
2025-01-12 10:58:22.192 [main] WARN  org.hibernate.orm.deprecation [] [anonymous] - HHH90000025: MySQLDialect does not need to be specified explicitly using 'hibernate.dialect' (remove the property setting and it will be selected by default)
2025-01-12 10:58:25.589 [main] WARN  o.s.s.c.a.a.c.InitializeUserDetailsBeanManagerConfigurer$InitializeUserDetailsManagerConfigurer [] [anonymous] - Global AuthenticationManager configured with an AuthenticationProvider bean. UserDetailsService beans will not be used by Spring Security for automatically configuring username/password login. Consider removing the AuthenticationProvider bean. Alternatively, consider using the UserDetailsService in a manually instantiated DaoAuthenticationProvider. If the current configuration is intentional, to turn off this warning, increase the logging level of 'org.springframework.security.config.annotation.authentication.configuration.InitializeUserDetailsBeanManagerConfigurer' to ERROR
2025-01-12 10:58:25.644 [main] WARN  o.s.b.a.o.j.JpaBaseConfiguration$JpaWebConfiguration [] [anonymous] - spring.jpa.open-in-view is enabled by default. Therefore, database queries may be performed during view rendering. Explicitly configure spring.jpa.open-in-view to disable this warning
2025-01-12 10:58:26.243 [main] INFO  com.khoilnm.ims.ImsApplication [] [anonymous] - Started ImsApplication in 7.323 seconds (process running for 7.719)
2025-01-12 10:58:49.733 [http-nio-8080-exec-4] INFO  c.k.i.configuration.JwtFilterConfig [] [anonymous] - Skipping JWT filter for public path: /api/v1/auth/register
2025-01-12 10:58:49.910 [http-nio-8080-exec-4] INFO  c.k.i.c.AuthenticationController [] [anonymous] - Registering user with email: lenhatminhkhoi2@gmail.com
2025-01-12 10:58:56.995 [http-nio-8080-exec-6] INFO  c.k.i.configuration.JwtFilterConfig [] [anonymous] - Skipping JWT filter for public path: /api/v1/auth/login
2025-01-12 10:58:57.190 [http-nio-8080-exec-6] INFO  c.k.ims.serviceImpl.JwtServiceImpl [] [anonymous] - Creating access token for user: lenhatminhkhoi2@gmail.com
2025-01-12 10:58:57.230 [http-nio-8080-exec-6] INFO  c.k.ims.serviceImpl.JwtServiceImpl [] [anonymous] - Access token created for user: lenhatminhkhoi2@gmail.com
2025-01-12 10:59:22.687 [http-nio-8080-exec-1] INFO  c.k.i.configuration.JwtFilterConfig [] [anonymous] - Processing JWT filter for path: /api/v1/user/profile
2025-01-12 10:59:46.799 [SpringApplicationShutdownHook] INFO  com.zaxxer.hikari.HikariDataSource [] [anonymous] - HikariPool-1 - Shutdown initiated...
2025-01-12 10:59:46.799 [SpringApplicationShutdownHook] INFO  com.zaxxer.hikari.HikariDataSource [] [anonymous] - HikariPool-1 - Shutdown completed.
2025-01-12 11:27:27.693 [main] INFO  com.khoilnm.ims.ImsApplication [] [anonymous] - Starting ImsApplication using Java 22.0.1 with PID 35452 (C:\Users\Le Nhat Minh Khoi\Desktop\ims-II\ims\target\classes started by Le Nhat Minh Khoi in C:\Users\Le Nhat Minh Khoi\Desktop\ims-II\ims)
2025-01-12 11:27:27.695 [main] INFO  com.khoilnm.ims.ImsApplication [] [anonymous] - No active profile set, falling back to 1 default profile: "default"
2025-01-12 11:27:29.454 [main] INFO  com.zaxxer.hikari.HikariDataSource [] [anonymous] - HikariPool-1 - Starting...
2025-01-12 11:27:29.597 [main] INFO  com.zaxxer.hikari.pool.HikariPool [] [anonymous] - HikariPool-1 - Added connection com.mysql.cj.jdbc.ConnectionImpl@174e1b99
2025-01-12 11:27:29.599 [main] INFO  com.zaxxer.hikari.HikariDataSource [] [anonymous] - HikariPool-1 - Start completed.
2025-01-12 11:27:29.651 [main] WARN  org.hibernate.orm.deprecation [] [anonymous] - HHH90000025: MySQLDialect does not need to be specified explicitly using 'hibernate.dialect' (remove the property setting and it will be selected by default)
2025-01-12 11:27:31.732 [main] WARN  o.s.s.c.a.a.c.InitializeUserDetailsBeanManagerConfigurer$InitializeUserDetailsManagerConfigurer [] [anonymous] - Global AuthenticationManager configured with an AuthenticationProvider bean. UserDetailsService beans will not be used by Spring Security for automatically configuring username/password login. Consider removing the AuthenticationProvider bean. Alternatively, consider using the UserDetailsService in a manually instantiated DaoAuthenticationProvider. If the current configuration is intentional, to turn off this warning, increase the logging level of 'org.springframework.security.config.annotation.authentication.configuration.InitializeUserDetailsBeanManagerConfigurer' to ERROR
2025-01-12 11:27:31.781 [main] WARN  o.s.b.a.o.j.JpaBaseConfiguration$JpaWebConfiguration [] [anonymous] - spring.jpa.open-in-view is enabled by default. Therefore, database queries may be performed during view rendering. Explicitly configure spring.jpa.open-in-view to disable this warning
2025-01-12 11:27:32.303 [main] INFO  com.khoilnm.ims.ImsApplication [] [anonymous] - Started ImsApplication in 5.263 seconds (process running for 5.612)
2025-01-12 11:29:15.067 [SpringApplicationShutdownHook] INFO  com.zaxxer.hikari.HikariDataSource [] [anonymous] - HikariPool-1 - Shutdown initiated...
2025-01-12 11:29:15.067 [SpringApplicationShutdownHook] INFO  com.zaxxer.hikari.HikariDataSource [] [anonymous] - HikariPool-1 - Shutdown completed.
2025-01-12 11:32:48.771 [main] INFO  com.khoilnm.ims.ImsApplication [] [anonymous] - Starting ImsApplication using Java 22.0.1 with PID 35024 (C:\Users\Le Nhat Minh Khoi\Desktop\ims-II\ims\target\classes started by Le Nhat Minh Khoi in C:\Users\Le Nhat Minh Khoi\Desktop\ims-II\ims)
2025-01-12 11:32:48.774 [main] INFO  com.khoilnm.ims.ImsApplication [] [anonymous] - No active profile set, falling back to 1 default profile: "default"
2025-01-12 11:32:50.551 [main] INFO  com.zaxxer.hikari.HikariDataSource [] [anonymous] - HikariPool-1 - Starting...
2025-01-12 11:32:50.713 [main] INFO  com.zaxxer.hikari.pool.HikariPool [] [anonymous] - HikariPool-1 - Added connection com.mysql.cj.jdbc.ConnectionImpl@7b2d58e6
2025-01-12 11:32:50.716 [main] INFO  com.zaxxer.hikari.HikariDataSource [] [anonymous] - HikariPool-1 - Start completed.
2025-01-12 11:32:50.765 [main] WARN  org.hibernate.orm.deprecation [] [anonymous] - HHH90000025: MySQLDialect does not need to be specified explicitly using 'hibernate.dialect' (remove the property setting and it will be selected by default)
2025-01-12 11:32:53.006 [main] WARN  o.s.s.c.a.a.c.InitializeUserDetailsBeanManagerConfigurer$InitializeUserDetailsManagerConfigurer [] [anonymous] - Global AuthenticationManager configured with an AuthenticationProvider bean. UserDetailsService beans will not be used by Spring Security for automatically configuring username/password login. Consider removing the AuthenticationProvider bean. Alternatively, consider using the UserDetailsService in a manually instantiated DaoAuthenticationProvider. If the current configuration is intentional, to turn off this warning, increase the logging level of 'org.springframework.security.config.annotation.authentication.configuration.InitializeUserDetailsBeanManagerConfigurer' to ERROR
2025-01-12 11:32:53.061 [main] WARN  o.s.b.a.o.j.JpaBaseConfiguration$JpaWebConfiguration [] [anonymous] - spring.jpa.open-in-view is enabled by default. Therefore, database queries may be performed during view rendering. Explicitly configure spring.jpa.open-in-view to disable this warning
2025-01-12 11:32:53.669 [main] INFO  com.khoilnm.ims.ImsApplication [] [anonymous] - Started ImsApplication in 5.56 seconds (process running for 5.913)
2025-01-12 11:33:06.372 [http-nio-8080-exec-1] INFO  c.k.i.configuration.JwtFilterConfig [] [anonymous] - Processing JWT filter for path: /api/v1/user/profile
2025-01-12 11:33:21.601 [http-nio-8080-exec-2] INFO  c.k.i.configuration.JwtFilterConfig [] [anonymous] - Skipping JWT filter for public path: /api/v1/auth/login
2025-01-12 11:33:21.908 [http-nio-8080-exec-2] INFO  c.k.ims.serviceImpl.JwtServiceImpl [] [anonymous] - Creating access token for user: lenhatminhkhoi2@gmail.com
2025-01-12 11:33:21.940 [http-nio-8080-exec-2] INFO  c.k.ims.serviceImpl.JwtServiceImpl [] [anonymous] - Access token created for user: lenhatminhkhoi2@gmail.com
2025-01-12 11:33:28.145 [http-nio-8080-exec-4] INFO  c.k.i.configuration.JwtFilterConfig [] [anonymous] - Processing JWT filter for path: /api/v1/user/profile
2025-01-12 11:37:25.373 [SpringApplicationShutdownHook] INFO  com.zaxxer.hikari.HikariDataSource [] [anonymous] - HikariPool-1 - Shutdown initiated...
2025-01-12 11:37:25.381 [SpringApplicationShutdownHook] INFO  com.zaxxer.hikari.HikariDataSource [] [anonymous] - HikariPool-1 - Shutdown completed.
2025-01-12 11:37:35.939 [main] INFO  com.khoilnm.ims.ImsApplication [] [anonymous] - Starting ImsApplication using Java 22.0.1 with PID 26396 (C:\Users\Le Nhat Minh Khoi\Desktop\ims-II\ims\target\classes started by Le Nhat Minh Khoi in C:\Users\Le Nhat Minh Khoi\Desktop\ims-II\ims)
2025-01-12 11:37:35.941 [main] INFO  com.khoilnm.ims.ImsApplication [] [anonymous] - No active profile set, falling back to 1 default profile: "default"
2025-01-12 11:37:37.702 [main] INFO  com.zaxxer.hikari.HikariDataSource [] [anonymous] - HikariPool-1 - Starting...
2025-01-12 11:37:37.837 [main] INFO  com.zaxxer.hikari.pool.HikariPool [] [anonymous] - HikariPool-1 - Added connection com.mysql.cj.jdbc.ConnectionImpl@2932e15f
2025-01-12 11:37:37.838 [main] INFO  com.zaxxer.hikari.HikariDataSource [] [anonymous] - HikariPool-1 - Start completed.
2025-01-12 11:37:37.901 [main] WARN  org.hibernate.orm.deprecation [] [anonymous] - HHH90000025: MySQLDialect does not need to be specified explicitly using 'hibernate.dialect' (remove the property setting and it will be selected by default)
2025-01-12 11:37:40.083 [main] WARN  o.s.s.c.a.a.c.InitializeUserDetailsBeanManagerConfigurer$InitializeUserDetailsManagerConfigurer [] [anonymous] - Global AuthenticationManager configured with an AuthenticationProvider bean. UserDetailsService beans will not be used by Spring Security for automatically configuring username/password login. Consider removing the AuthenticationProvider bean. Alternatively, consider using the UserDetailsService in a manually instantiated DaoAuthenticationProvider. If the current configuration is intentional, to turn off this warning, increase the logging level of 'org.springframework.security.config.annotation.authentication.configuration.InitializeUserDetailsBeanManagerConfigurer' to ERROR
2025-01-12 11:37:40.133 [main] WARN  o.s.b.a.o.j.JpaBaseConfiguration$JpaWebConfiguration [] [anonymous] - spring.jpa.open-in-view is enabled by default. Therefore, database queries may be performed during view rendering. Explicitly configure spring.jpa.open-in-view to disable this warning
2025-01-12 11:37:40.672 [main] INFO  com.khoilnm.ims.ImsApplication [] [anonymous] - Started ImsApplication in 5.341 seconds (process running for 5.665)
2025-01-12 11:37:47.561 [http-nio-8080-exec-1] INFO  c.k.i.configuration.JwtFilterConfig [] [anonymous] - Processing JWT filter for path: /api/v1/user/profile
2025-01-12 11:37:49.697 [http-nio-8080-exec-6] INFO  c.k.i.configuration.JwtFilterConfig [] [anonymous] - Processing JWT filter for path: /api/v1/user/profile
2025-01-12 11:37:51.037 [http-nio-8080-exec-4] INFO  c.k.i.configuration.JwtFilterConfig [] [anonymous] - Processing JWT filter for path: /api/v1/user/profile
2025-01-12 11:37:52.462 [http-nio-8080-exec-9] INFO  c.k.i.configuration.JwtFilterConfig [] [anonymous] - Processing JWT filter for path: /api/v1/user/profile
2025-01-12 11:37:53.764 [http-nio-8080-exec-3] INFO  c.k.i.configuration.JwtFilterConfig [] [anonymous] - Processing JWT filter for path: /api/v1/user/profile
2025-01-12 11:38:28.376 [SpringApplicationShutdownHook] INFO  com.zaxxer.hikari.HikariDataSource [] [anonymous] - HikariPool-1 - Shutdown initiated...
2025-01-12 11:38:28.384 [SpringApplicationShutdownHook] INFO  com.zaxxer.hikari.HikariDataSource [] [anonymous] - HikariPool-1 - Shutdown completed.
2025-01-12 11:38:38.837 [main] INFO  com.khoilnm.ims.ImsApplication [] [anonymous] - Starting ImsApplication using Java 22.0.1 with PID 27504 (C:\Users\Le Nhat Minh Khoi\Desktop\ims-II\ims\target\classes started by Le Nhat Minh Khoi in C:\Users\Le Nhat Minh Khoi\Desktop\ims-II\ims)
2025-01-12 11:38:38.839 [main] INFO  com.khoilnm.ims.ImsApplication [] [anonymous] - No active profile set, falling back to 1 default profile: "default"
2025-01-12 11:38:40.595 [main] INFO  com.zaxxer.hikari.HikariDataSource [] [anonymous] - HikariPool-1 - Starting...
2025-01-12 11:38:40.752 [main] INFO  com.zaxxer.hikari.pool.HikariPool [] [anonymous] - HikariPool-1 - Added connection com.mysql.cj.jdbc.ConnectionImpl@2739ecc0
2025-01-12 11:38:40.754 [main] INFO  com.zaxxer.hikari.HikariDataSource [] [anonymous] - HikariPool-1 - Start completed.
2025-01-12 11:38:40.813 [main] WARN  org.hibernate.orm.deprecation [] [anonymous] - HHH90000025: MySQLDialect does not need to be specified explicitly using 'hibernate.dialect' (remove the property setting and it will be selected by default)
2025-01-12 11:38:42.984 [main] WARN  o.s.s.c.a.a.c.InitializeUserDetailsBeanManagerConfigurer$InitializeUserDetailsManagerConfigurer [] [anonymous] - Global AuthenticationManager configured with an AuthenticationProvider bean. UserDetailsService beans will not be used by Spring Security for automatically configuring username/password login. Consider removing the AuthenticationProvider bean. Alternatively, consider using the UserDetailsService in a manually instantiated DaoAuthenticationProvider. If the current configuration is intentional, to turn off this warning, increase the logging level of 'org.springframework.security.config.annotation.authentication.configuration.InitializeUserDetailsBeanManagerConfigurer' to ERROR
2025-01-12 11:38:43.033 [main] WARN  o.s.b.a.o.j.JpaBaseConfiguration$JpaWebConfiguration [] [anonymous] - spring.jpa.open-in-view is enabled by default. Therefore, database queries may be performed during view rendering. Explicitly configure spring.jpa.open-in-view to disable this warning
2025-01-12 11:38:43.566 [main] INFO  com.khoilnm.ims.ImsApplication [] [anonymous] - Started ImsApplication in 5.369 seconds (process running for 5.723)
2025-01-12 11:38:50.577 [http-nio-8080-exec-1] INFO  c.k.i.configuration.JwtFilterConfig [] [anonymous] - Processing JWT filter for path: /api/v1/user/profile
2025-01-12 11:38:54.719 [http-nio-8080-exec-9] INFO  c.k.i.configuration.JwtFilterConfig [] [anonymous] - Skipping JWT filter for public path: /api/v1/auth/login
2025-01-12 11:38:54.973 [http-nio-8080-exec-9] INFO  c.k.ims.serviceImpl.JwtServiceImpl [] [anonymous] - Creating access token for user: lenhatminhkhoi2@gmail.com
2025-01-12 11:38:54.989 [http-nio-8080-exec-9] INFO  c.k.ims.serviceImpl.JwtServiceImpl [] [anonymous] - Access token created for user: lenhatminhkhoi2@gmail.com
2025-01-12 11:39:24.756 [http-nio-8080-exec-5] INFO  c.k.i.configuration.JwtFilterConfig [] [anonymous] - Processing JWT filter for path: /api/v1/user/profile
2025-01-12 11:39:26.254 [http-nio-8080-exec-3] INFO  c.k.i.configuration.JwtFilterConfig [] [anonymous] - Processing JWT filter for path: /api/v1/user/profile
2025-01-12 11:39:27.470 [http-nio-8080-exec-4] INFO  c.k.i.configuration.JwtFilterConfig [] [anonymous] - Processing JWT filter for path: /api/v1/user/profile
2025-01-12 11:39:28.674 [http-nio-8080-exec-7] INFO  c.k.i.configuration.JwtFilterConfig [] [anonymous] - Processing JWT filter for path: /api/v1/user/profile
2025-01-12 11:39:29.822 [http-nio-8080-exec-8] INFO  c.k.i.configuration.JwtFilterConfig [] [anonymous] - Processing JWT filter for path: /api/v1/user/profile
2025-01-12 11:39:36.311 [http-nio-8080-exec-2] INFO  c.k.i.configuration.JwtFilterConfig [] [anonymous] - Processing JWT filter for path: /api/v1/user/profile
2025-01-12 11:39:37.539 [http-nio-8080-exec-10] INFO  c.k.i.configuration.JwtFilterConfig [] [anonymous] - Processing JWT filter for path: /api/v1/user/profile
2025-01-12 11:39:38.642 [http-nio-8080-exec-6] INFO  c.k.i.configuration.JwtFilterConfig [] [anonymous] - Processing JWT filter for path: /api/v1/user/profile
2025-01-12 11:40:05.469 [http-nio-8080-exec-1] INFO  c.k.i.configuration.JwtFilterConfig [] [anonymous] - Processing JWT filter for path: /api/v1/user/profile
2025-01-12 11:41:25.210 [SpringApplicationShutdownHook] INFO  com.zaxxer.hikari.HikariDataSource [] [anonymous] - HikariPool-1 - Shutdown initiated...
2025-01-12 11:41:25.216 [SpringApplicationShutdownHook] INFO  com.zaxxer.hikari.HikariDataSource [] [anonymous] - HikariPool-1 - Shutdown completed.
2025-01-12 11:41:35.740 [main] INFO  com.khoilnm.ims.ImsApplication [] [anonymous] - Starting ImsApplication using Java 22.0.1 with PID 36412 (C:\Users\Le Nhat Minh Khoi\Desktop\ims-II\ims\target\classes started by Le Nhat Minh Khoi in C:\Users\Le Nhat Minh Khoi\Desktop\ims-II\ims)
2025-01-12 11:41:35.742 [main] INFO  com.khoilnm.ims.ImsApplication [] [anonymous] - No active profile set, falling back to 1 default profile: "default"
2025-01-12 11:41:37.485 [main] INFO  com.zaxxer.hikari.HikariDataSource [] [anonymous] - HikariPool-1 - Starting...
2025-01-12 11:41:37.612 [main] INFO  com.zaxxer.hikari.pool.HikariPool [] [anonymous] - HikariPool-1 - Added connection com.mysql.cj.jdbc.ConnectionImpl@2932e15f
2025-01-12 11:41:37.616 [main] INFO  com.zaxxer.hikari.HikariDataSource [] [anonymous] - HikariPool-1 - Start completed.
2025-01-12 11:41:37.662 [main] WARN  org.hibernate.orm.deprecation [] [anonymous] - HHH90000025: MySQLDialect does not need to be specified explicitly using 'hibernate.dialect' (remove the property setting and it will be selected by default)
2025-01-12 11:41:39.765 [main] WARN  o.s.s.c.a.a.c.InitializeUserDetailsBeanManagerConfigurer$InitializeUserDetailsManagerConfigurer [] [anonymous] - Global AuthenticationManager configured with an AuthenticationProvider bean. UserDetailsService beans will not be used by Spring Security for automatically configuring username/password login. Consider removing the AuthenticationProvider bean. Alternatively, consider using the UserDetailsService in a manually instantiated DaoAuthenticationProvider. If the current configuration is intentional, to turn off this warning, increase the logging level of 'org.springframework.security.config.annotation.authentication.configuration.InitializeUserDetailsBeanManagerConfigurer' to ERROR
2025-01-12 11:41:39.814 [main] WARN  o.s.b.a.o.j.JpaBaseConfiguration$JpaWebConfiguration [] [anonymous] - spring.jpa.open-in-view is enabled by default. Therefore, database queries may be performed during view rendering. Explicitly configure spring.jpa.open-in-view to disable this warning
2025-01-12 11:41:40.437 [main] INFO  com.khoilnm.ims.ImsApplication [] [anonymous] - Started ImsApplication in 5.323 seconds (process running for 5.672)
2025-01-12 11:41:54.826 [http-nio-8080-exec-6] INFO  c.k.i.configuration.JwtFilterConfig [] [anonymous] - Processing JWT filter for path: /api/v1/user/profile
2025-01-12 11:42:56.286 [SpringApplicationShutdownHook] INFO  com.zaxxer.hikari.HikariDataSource [] [anonymous] - HikariPool-1 - Shutdown initiated...
2025-01-12 11:42:56.291 [SpringApplicationShutdownHook] INFO  com.zaxxer.hikari.HikariDataSource [] [anonymous] - HikariPool-1 - Shutdown completed.
2025-01-12 11:43:06.573 [main] INFO  com.khoilnm.ims.ImsApplication [] [anonymous] - Starting ImsApplication using Java 22.0.1 with PID 36248 (C:\Users\Le Nhat Minh Khoi\Desktop\ims-II\ims\target\classes started by Le Nhat Minh Khoi in C:\Users\Le Nhat Minh Khoi\Desktop\ims-II\ims)
2025-01-12 11:43:06.575 [main] INFO  com.khoilnm.ims.ImsApplication [] [anonymous] - No active profile set, falling back to 1 default profile: "default"
2025-01-12 11:43:08.383 [main] INFO  com.zaxxer.hikari.HikariDataSource [] [anonymous] - HikariPool-1 - Starting...
2025-01-12 11:43:08.522 [main] INFO  com.zaxxer.hikari.pool.HikariPool [] [anonymous] - HikariPool-1 - Added connection com.mysql.cj.jdbc.ConnectionImpl@ad5cffa
2025-01-12 11:43:08.524 [main] INFO  com.zaxxer.hikari.HikariDataSource [] [anonymous] - HikariPool-1 - Start completed.
2025-01-12 11:43:08.575 [main] WARN  org.hibernate.orm.deprecation [] [anonymous] - HHH90000025: MySQLDialect does not need to be specified explicitly using 'hibernate.dialect' (remove the property setting and it will be selected by default)
2025-01-12 11:43:10.720 [main] WARN  o.s.s.c.a.a.c.InitializeUserDetailsBeanManagerConfigurer$InitializeUserDetailsManagerConfigurer [] [anonymous] - Global AuthenticationManager configured with an AuthenticationProvider bean. UserDetailsService beans will not be used by Spring Security for automatically configuring username/password login. Consider removing the AuthenticationProvider bean. Alternatively, consider using the UserDetailsService in a manually instantiated DaoAuthenticationProvider. If the current configuration is intentional, to turn off this warning, increase the logging level of 'org.springframework.security.config.annotation.authentication.configuration.InitializeUserDetailsBeanManagerConfigurer' to ERROR
2025-01-12 11:43:10.778 [main] WARN  o.s.b.a.o.j.JpaBaseConfiguration$JpaWebConfiguration [] [anonymous] - spring.jpa.open-in-view is enabled by default. Therefore, database queries may be performed during view rendering. Explicitly configure spring.jpa.open-in-view to disable this warning
2025-01-12 11:43:11.305 [main] INFO  com.khoilnm.ims.ImsApplication [] [anonymous] - Started ImsApplication in 5.348 seconds (process running for 5.7)
2025-01-12 11:43:17.947 [http-nio-8080-exec-1] INFO  c.k.i.configuration.JwtFilterConfig [] [anonymous] - Processing JWT filter for path: /api/v1/user/profile
2025-01-12 11:43:17.953 [http-nio-8080-exec-1] INFO  c.k.ims.serviceImpl.JwtServiceImpl [] [anonymous] - Expired JWT token
2025-01-12 11:43:31.270 [SpringApplicationShutdownHook] INFO  com.zaxxer.hikari.HikariDataSource [] [anonymous] - HikariPool-1 - Shutdown initiated...
2025-01-12 11:43:31.277 [SpringApplicationShutdownHook] INFO  com.zaxxer.hikari.HikariDataSource [] [anonymous] - HikariPool-1 - Shutdown completed.
2025-01-12 12:46:54.065 [main] INFO  com.khoilnm.ims.ImsApplication [] [anonymous] - Starting ImsApplication using Java 22.0.1 with PID 35768 (C:\Users\Le Nhat Minh Khoi\Desktop\ims-II\ims\target\classes started by Le Nhat Minh Khoi in C:\Users\Le Nhat Minh Khoi\Desktop\ims-II\ims)
2025-01-12 12:46:54.067 [main] INFO  com.khoilnm.ims.ImsApplication [] [anonymous] - No active profile set, falling back to 1 default profile: "default"
2025-01-12 12:46:56.306 [main] INFO  com.zaxxer.hikari.HikariDataSource [] [anonymous] - HikariPool-1 - Starting...
2025-01-12 12:46:56.470 [main] INFO  com.zaxxer.hikari.pool.HikariPool [] [anonymous] - HikariPool-1 - Added connection com.mysql.cj.jdbc.ConnectionImpl@2932e15f
2025-01-12 12:46:56.473 [main] INFO  com.zaxxer.hikari.HikariDataSource [] [anonymous] - HikariPool-1 - Start completed.
2025-01-12 12:46:56.525 [main] WARN  org.hibernate.orm.deprecation [] [anonymous] - HHH90000025: MySQLDialect does not need to be specified explicitly using 'hibernate.dialect' (remove the property setting and it will be selected by default)
2025-01-12 12:46:58.913 [main] WARN  o.s.s.c.a.a.c.InitializeUserDetailsBeanManagerConfigurer$InitializeUserDetailsManagerConfigurer [] [anonymous] - Global AuthenticationManager configured with an AuthenticationProvider bean. UserDetailsService beans will not be used by Spring Security for automatically configuring username/password login. Consider removing the AuthenticationProvider bean. Alternatively, consider using the UserDetailsService in a manually instantiated DaoAuthenticationProvider. If the current configuration is intentional, to turn off this warning, increase the logging level of 'org.springframework.security.config.annotation.authentication.configuration.InitializeUserDetailsBeanManagerConfigurer' to ERROR
2025-01-12 12:46:58.965 [main] WARN  o.s.b.a.o.j.JpaBaseConfiguration$JpaWebConfiguration [] [anonymous] - spring.jpa.open-in-view is enabled by default. Therefore, database queries may be performed during view rendering. Explicitly configure spring.jpa.open-in-view to disable this warning
2025-01-12 12:46:59.552 [main] INFO  com.khoilnm.ims.ImsApplication [] [anonymous] - Started ImsApplication in 6.252 seconds (process running for 6.647)
2025-01-12 12:47:35.079 [http-nio-8080-exec-1] INFO  c.k.i.configuration.JwtFilterConfig [] [anonymous] - Skipping JWT filter for public path: /api/v1/auth/login
2025-01-12 12:47:35.431 [http-nio-8080-exec-1] INFO  c.k.ims.serviceImpl.JwtServiceImpl [] [anonymous] - Creating access token for user: lenhatminhkhoi2@gmail.com
2025-01-12 12:47:35.471 [http-nio-8080-exec-1] INFO  c.k.ims.serviceImpl.JwtServiceImpl [] [anonymous] - Access token created for user: lenhatminhkhoi2@gmail.com
2025-01-12 12:47:44.155 [http-nio-8080-exec-9] INFO  c.k.i.configuration.JwtFilterConfig [] [anonymous] - Processing JWT filter for path: /api/v1/user/profile
2025-01-12 12:47:47.993 [http-nio-8080-exec-3] INFO  c.k.i.configuration.JwtFilterConfig [] [anonymous] - Skipping JWT filter for public path: /api/v1/auth/logout
2025-01-12 12:47:49.682 [http-nio-8080-exec-5] INFO  c.k.i.configuration.JwtFilterConfig [] [anonymous] - Skipping JWT filter for public path: /api/v1/auth/logout
2025-01-12 12:47:51.802 [http-nio-8080-exec-6] INFO  c.k.i.configuration.JwtFilterConfig [] [anonymous] - Skipping JWT filter for public path: /api/v1/auth/logout
2025-01-12 12:47:53.598 [http-nio-8080-exec-7] INFO  c.k.i.configuration.JwtFilterConfig [] [anonymous] - Skipping JWT filter for public path: /api/v1/auth/logout
2025-01-12 12:47:55.283 [http-nio-8080-exec-8] INFO  c.k.i.configuration.JwtFilterConfig [] [anonymous] - Skipping JWT filter for public path: /api/v1/auth/logout
2025-01-12 12:48:44.030 [http-nio-8080-exec-4] INFO  c.k.i.configuration.JwtFilterConfig [] [anonymous] - Skipping JWT filter for public path: /api/v1/auth/login
2025-01-12 12:48:44.128 [http-nio-8080-exec-4] INFO  c.k.ims.serviceImpl.JwtServiceImpl [] [anonymous] - Creating access token for user: lenhatminhkhoi2@gmail.com
2025-01-12 12:48:44.135 [http-nio-8080-exec-4] INFO  c.k.ims.serviceImpl.JwtServiceImpl [] [anonymous] - Access token created for user: lenhatminhkhoi2@gmail.com
2025-01-12 12:49:09.710 [http-nio-8080-exec-10] INFO  c.k.i.configuration.JwtFilterConfig [] [anonymous] - Skipping JWT filter for public path: /api/v1/auth/login
2025-01-12 12:49:09.805 [http-nio-8080-exec-10] INFO  c.k.ims.serviceImpl.JwtServiceImpl [] [anonymous] - Creating access token for user: lenhatminhkhoi2@gmail.com
2025-01-12 12:49:09.807 [http-nio-8080-exec-10] INFO  c.k.ims.serviceImpl.JwtServiceImpl [] [anonymous] - Access token created for user: lenhatminhkhoi2@gmail.com
2025-01-12 12:49:18.736 [http-nio-8080-exec-2] INFO  c.k.i.configuration.JwtFilterConfig [] [anonymous] - Processing JWT filter for path: /api/v1/user/profile
2025-01-12 12:50:44.256 [SpringApplicationShutdownHook] INFO  com.zaxxer.hikari.HikariDataSource [] [anonymous] - HikariPool-1 - Shutdown initiated...
2025-01-12 12:50:44.262 [SpringApplicationShutdownHook] INFO  com.zaxxer.hikari.HikariDataSource [] [anonymous] - HikariPool-1 - Shutdown completed.
2025-01-12 12:50:55.889 [main] INFO  com.khoilnm.ims.ImsApplication [] [anonymous] - Starting ImsApplication using Java 22.0.1 with PID 28956 (C:\Users\Le Nhat Minh Khoi\Desktop\ims-II\ims\target\classes started by Le Nhat Minh Khoi in C:\Users\Le Nhat Minh Khoi\Desktop\ims-II\ims)
2025-01-12 12:50:55.890 [main] INFO  com.khoilnm.ims.ImsApplication [] [anonymous] - No active profile set, falling back to 1 default profile: "default"
2025-01-12 12:50:57.691 [main] INFO  com.zaxxer.hikari.HikariDataSource [] [anonymous] - HikariPool-1 - Starting...
2025-01-12 12:50:57.866 [main] INFO  com.zaxxer.hikari.pool.HikariPool [] [anonymous] - HikariPool-1 - Added connection com.mysql.cj.jdbc.ConnectionImpl@ad5cffa
2025-01-12 12:50:57.868 [main] INFO  com.zaxxer.hikari.HikariDataSource [] [anonymous] - HikariPool-1 - Start completed.
2025-01-12 12:50:57.938 [main] WARN  org.hibernate.orm.deprecation [] [anonymous] - HHH90000025: MySQLDialect does not need to be specified explicitly using 'hibernate.dialect' (remove the property setting and it will be selected by default)
2025-01-12 12:51:00.060 [main] WARN  o.s.s.c.a.a.c.InitializeUserDetailsBeanManagerConfigurer$InitializeUserDetailsManagerConfigurer [] [anonymous] - Global AuthenticationManager configured with an AuthenticationProvider bean. UserDetailsService beans will not be used by Spring Security for automatically configuring username/password login. Consider removing the AuthenticationProvider bean. Alternatively, consider using the UserDetailsService in a manually instantiated DaoAuthenticationProvider. If the current configuration is intentional, to turn off this warning, increase the logging level of 'org.springframework.security.config.annotation.authentication.configuration.InitializeUserDetailsBeanManagerConfigurer' to ERROR
2025-01-12 12:51:00.110 [main] WARN  o.s.b.a.o.j.JpaBaseConfiguration$JpaWebConfiguration [] [anonymous] - spring.jpa.open-in-view is enabled by default. Therefore, database queries may be performed during view rendering. Explicitly configure spring.jpa.open-in-view to disable this warning
2025-01-12 12:51:00.631 [main] INFO  com.khoilnm.ims.ImsApplication [] [anonymous] - Started ImsApplication in 5.348 seconds (process running for 5.696)
2025-01-12 12:51:08.693 [http-nio-8080-exec-1] INFO  c.k.i.configuration.JwtFilterConfig [] [anonymous] - Skipping JWT filter for public path: /api/v1/auth/login
2025-01-12 12:51:09.008 [http-nio-8080-exec-1] INFO  c.k.ims.serviceImpl.JwtServiceImpl [] [anonymous] - Creating access token for user: lenhatminhkhoi2@gmail.com
2025-01-12 12:51:09.041 [http-nio-8080-exec-1] INFO  c.k.ims.serviceImpl.JwtServiceImpl [] [anonymous] - Access token created for user: lenhatminhkhoi2@gmail.com
2025-01-12 12:51:09.049 [http-nio-8080-exec-1] INFO  c.k.i.c.AuthenticationController [] [anonymous] - Is remember me; false
2025-01-12 12:51:43.460 [SpringApplicationShutdownHook] INFO  com.zaxxer.hikari.HikariDataSource [] [anonymous] - HikariPool-1 - Shutdown initiated...
2025-01-12 12:51:43.466 [SpringApplicationShutdownHook] INFO  com.zaxxer.hikari.HikariDataSource [] [anonymous] - HikariPool-1 - Shutdown completed.
2025-01-12 12:51:53.458 [main] INFO  com.khoilnm.ims.ImsApplication [] [anonymous] - Starting ImsApplication using Java 22.0.1 with PID 5436 (C:\Users\Le Nhat Minh Khoi\Desktop\ims-II\ims\target\classes started by Le Nhat Minh Khoi in C:\Users\Le Nhat Minh Khoi\Desktop\ims-II\ims)
2025-01-12 12:51:53.460 [main] INFO  com.khoilnm.ims.ImsApplication [] [anonymous] - No active profile set, falling back to 1 default profile: "default"
2025-01-12 12:51:55.247 [main] INFO  com.zaxxer.hikari.HikariDataSource [] [anonymous] - HikariPool-1 - Starting...
2025-01-12 12:51:55.383 [main] INFO  com.zaxxer.hikari.pool.HikariPool [] [anonymous] - HikariPool-1 - Added connection com.mysql.cj.jdbc.ConnectionImpl@ad5cffa
2025-01-12 12:51:55.385 [main] INFO  com.zaxxer.hikari.HikariDataSource [] [anonymous] - HikariPool-1 - Start completed.
2025-01-12 12:51:55.436 [main] WARN  org.hibernate.orm.deprecation [] [anonymous] - HHH90000025: MySQLDialect does not need to be specified explicitly using 'hibernate.dialect' (remove the property setting and it will be selected by default)
2025-01-12 12:51:57.524 [main] WARN  o.s.s.c.a.a.c.InitializeUserDetailsBeanManagerConfigurer$InitializeUserDetailsManagerConfigurer [] [anonymous] - Global AuthenticationManager configured with an AuthenticationProvider bean. UserDetailsService beans will not be used by Spring Security for automatically configuring username/password login. Consider removing the AuthenticationProvider bean. Alternatively, consider using the UserDetailsService in a manually instantiated DaoAuthenticationProvider. If the current configuration is intentional, to turn off this warning, increase the logging level of 'org.springframework.security.config.annotation.authentication.configuration.InitializeUserDetailsBeanManagerConfigurer' to ERROR
2025-01-12 12:51:57.574 [main] WARN  o.s.b.a.o.j.JpaBaseConfiguration$JpaWebConfiguration [] [anonymous] - spring.jpa.open-in-view is enabled by default. Therefore, database queries may be performed during view rendering. Explicitly configure spring.jpa.open-in-view to disable this warning
2025-01-12 12:51:58.117 [main] INFO  com.khoilnm.ims.ImsApplication [] [anonymous] - Started ImsApplication in 5.293 seconds (process running for 5.619)
2025-01-12 12:52:07.664 [http-nio-8080-exec-2] INFO  c.k.i.configuration.JwtFilterConfig [] [anonymous] - Skipping JWT filter for public path: /api/v1/auth/login
2025-01-12 12:52:07.977 [http-nio-8080-exec-2] INFO  c.k.ims.serviceImpl.JwtServiceImpl [] [anonymous] - Creating access token for user: lenhatminhkhoi2@gmail.com
2025-01-12 12:52:08.006 [http-nio-8080-exec-2] INFO  c.k.ims.serviceImpl.JwtServiceImpl [] [anonymous] - Access token created for user: lenhatminhkhoi2@gmail.com
2025-01-12 12:52:08.023 [http-nio-8080-exec-2] INFO  c.k.i.c.AuthenticationController [] [anonymous] - Is remember me; false
2025-01-12 12:52:18.707 [http-nio-8080-exec-3] INFO  c.k.i.configuration.JwtFilterConfig [] [anonymous] - Skipping JWT filter for public path: /api/v1/auth/login
2025-01-12 12:52:18.789 [http-nio-8080-exec-3] INFO  c.k.ims.serviceImpl.JwtServiceImpl [] [anonymous] - Creating access token for user: lenhatminhkhoi2@gmail.com
2025-01-12 12:52:18.797 [http-nio-8080-exec-3] INFO  c.k.ims.serviceImpl.JwtServiceImpl [] [anonymous] - Access token created for user: lenhatminhkhoi2@gmail.com
2025-01-12 12:52:18.797 [http-nio-8080-exec-3] INFO  c.k.i.c.AuthenticationController [] [anonymous] - Is remember me; false
2025-01-12 12:55:36.497 [SpringApplicationShutdownHook] INFO  com.zaxxer.hikari.HikariDataSource [] [anonymous] - HikariPool-1 - Shutdown initiated...
2025-01-12 12:55:36.505 [SpringApplicationShutdownHook] INFO  com.zaxxer.hikari.HikariDataSource [] [anonymous] - HikariPool-1 - Shutdown completed.
2025-01-12 12:55:46.340 [main] INFO  com.khoilnm.ims.ImsApplication [] [anonymous] - Starting ImsApplication using Java 22.0.1 with PID 36860 (C:\Users\Le Nhat Minh Khoi\Desktop\ims-II\ims\target\classes started by Le Nhat Minh Khoi in C:\Users\Le Nhat Minh Khoi\Desktop\ims-II\ims)
2025-01-12 12:55:46.341 [main] INFO  com.khoilnm.ims.ImsApplication [] [anonymous] - No active profile set, falling back to 1 default profile: "default"
2025-01-12 12:55:48.128 [main] INFO  com.zaxxer.hikari.HikariDataSource [] [anonymous] - HikariPool-1 - Starting...
2025-01-12 12:55:48.263 [main] INFO  com.zaxxer.hikari.pool.HikariPool [] [anonymous] - HikariPool-1 - Added connection com.mysql.cj.jdbc.ConnectionImpl@4bc21e34
2025-01-12 12:55:48.265 [main] INFO  com.zaxxer.hikari.HikariDataSource [] [anonymous] - HikariPool-1 - Start completed.
2025-01-12 12:55:48.320 [main] WARN  org.hibernate.orm.deprecation [] [anonymous] - HHH90000025: MySQLDialect does not need to be specified explicitly using 'hibernate.dialect' (remove the property setting and it will be selected by default)
2025-01-12 12:55:50.412 [main] WARN  o.s.s.c.a.a.c.InitializeUserDetailsBeanManagerConfigurer$InitializeUserDetailsManagerConfigurer [] [anonymous] - Global AuthenticationManager configured with an AuthenticationProvider bean. UserDetailsService beans will not be used by Spring Security for automatically configuring username/password login. Consider removing the AuthenticationProvider bean. Alternatively, consider using the UserDetailsService in a manually instantiated DaoAuthenticationProvider. If the current configuration is intentional, to turn off this warning, increase the logging level of 'org.springframework.security.config.annotation.authentication.configuration.InitializeUserDetailsBeanManagerConfigurer' to ERROR
2025-01-12 12:55:50.458 [main] WARN  o.s.b.a.o.j.JpaBaseConfiguration$JpaWebConfiguration [] [anonymous] - spring.jpa.open-in-view is enabled by default. Therefore, database queries may be performed during view rendering. Explicitly configure spring.jpa.open-in-view to disable this warning
2025-01-12 12:55:50.995 [main] INFO  com.khoilnm.ims.ImsApplication [] [anonymous] - Started ImsApplication in 5.277 seconds (process running for 5.622)
2025-01-12 12:55:57.088 [http-nio-8080-exec-1] INFO  c.k.i.configuration.JwtFilterConfig [] [anonymous] - Skipping JWT filter for public path: /api/v1/auth/login
2025-01-12 12:55:57.409 [http-nio-8080-exec-1] INFO  c.k.ims.serviceImpl.JwtServiceImpl [] [anonymous] - Creating access token for user: lenhatminhkhoi2@gmail.com
2025-01-12 12:55:57.440 [http-nio-8080-exec-1] INFO  c.k.ims.serviceImpl.JwtServiceImpl [] [anonymous] - Access token created for user: lenhatminhkhoi2@gmail.com
2025-01-12 12:55:57.453 [http-nio-8080-exec-1] INFO  c.k.i.c.AuthenticationController [] [anonymous] - Is remember me; false
2025-01-12 12:56:59.332 [SpringApplicationShutdownHook] INFO  com.zaxxer.hikari.HikariDataSource [] [anonymous] - HikariPool-1 - Shutdown initiated...
2025-01-12 12:56:59.339 [SpringApplicationShutdownHook] INFO  com.zaxxer.hikari.HikariDataSource [] [anonymous] - HikariPool-1 - Shutdown completed.
2025-01-12 12:57:08.703 [main] INFO  com.khoilnm.ims.ImsApplication [] [anonymous] - Starting ImsApplication using Java 22.0.1 with PID 15124 (C:\Users\Le Nhat Minh Khoi\Desktop\ims-II\ims\target\classes started by Le Nhat Minh Khoi in C:\Users\Le Nhat Minh Khoi\Desktop\ims-II\ims)
2025-01-12 12:57:08.705 [main] INFO  com.khoilnm.ims.ImsApplication [] [anonymous] - No active profile set, falling back to 1 default profile: "default"
2025-01-12 12:57:10.443 [main] INFO  com.zaxxer.hikari.HikariDataSource [] [anonymous] - HikariPool-1 - Starting...
2025-01-12 12:57:10.573 [main] INFO  com.zaxxer.hikari.pool.HikariPool [] [anonymous] - HikariPool-1 - Added connection com.mysql.cj.jdbc.ConnectionImpl@2c154508
2025-01-12 12:57:10.575 [main] INFO  com.zaxxer.hikari.HikariDataSource [] [anonymous] - HikariPool-1 - Start completed.
2025-01-12 12:57:10.619 [main] WARN  org.hibernate.orm.deprecation [] [anonymous] - HHH90000025: MySQLDialect does not need to be specified explicitly using 'hibernate.dialect' (remove the property setting and it will be selected by default)
2025-01-12 12:57:12.718 [main] WARN  o.s.s.c.a.a.c.InitializeUserDetailsBeanManagerConfigurer$InitializeUserDetailsManagerConfigurer [] [anonymous] - Global AuthenticationManager configured with an AuthenticationProvider bean. UserDetailsService beans will not be used by Spring Security for automatically configuring username/password login. Consider removing the AuthenticationProvider bean. Alternatively, consider using the UserDetailsService in a manually instantiated DaoAuthenticationProvider. If the current configuration is intentional, to turn off this warning, increase the logging level of 'org.springframework.security.config.annotation.authentication.configuration.InitializeUserDetailsBeanManagerConfigurer' to ERROR
2025-01-12 12:57:12.767 [main] WARN  o.s.b.a.o.j.JpaBaseConfiguration$JpaWebConfiguration [] [anonymous] - spring.jpa.open-in-view is enabled by default. Therefore, database queries may be performed during view rendering. Explicitly configure spring.jpa.open-in-view to disable this warning
2025-01-12 12:57:13.289 [main] INFO  com.khoilnm.ims.ImsApplication [] [anonymous] - Started ImsApplication in 5.183 seconds (process running for 5.509)
2025-01-12 12:57:27.806 [http-nio-8080-exec-6] INFO  c.k.i.configuration.JwtFilterConfig [] [anonymous] - Skipping JWT filter for public path: /api/v1/auth/login
2025-01-12 12:57:28.122 [http-nio-8080-exec-6] INFO  c.k.ims.serviceImpl.JwtServiceImpl [] [anonymous] - Creating access token for user: lenhatminhkhoi2@gmail.com
2025-01-12 12:57:28.154 [http-nio-8080-exec-6] INFO  c.k.ims.serviceImpl.JwtServiceImpl [] [anonymous] - Access token created for user: lenhatminhkhoi2@gmail.com
2025-01-12 12:57:28.166 [http-nio-8080-exec-6] INFO  c.k.i.c.AuthenticationController [] [anonymous] - Is remember me; true
2025-01-12 12:57:28.168 [http-nio-8080-exec-6] INFO  c.k.ims.serviceImpl.JwtServiceImpl [] [anonymous] - Creating refresh token for user: Le Minh Khoa
2025-01-12 12:57:28.178 [http-nio-8080-exec-6] INFO  c.k.ims.serviceImpl.JwtServiceImpl [] [anonymous] - Saving refresh token for user: lenhatminhkhoi2@gmail.com
2025-01-12 12:57:28.241 [http-nio-8080-exec-6] INFO  c.k.ims.serviceImpl.JwtServiceImpl [] [anonymous] - Refresh token saved to database for user: lenhatminhkhoi2@gmail.com
2025-01-12 12:57:28.242 [http-nio-8080-exec-6] INFO  c.k.ims.serviceImpl.JwtServiceImpl [] [anonymous] - Refresh token created for user: lenhatminhkhoi2@gmail.com
2025-01-12 12:58:25.674 [http-nio-8080-exec-4] INFO  c.k.i.configuration.JwtFilterConfig [] [anonymous] - Processing JWT filter for path: /api/v1/user/profile
2025-01-12 12:58:27.018 [http-nio-8080-exec-9] INFO  c.k.i.configuration.JwtFilterConfig [] [anonymous] - Processing JWT filter for path: /api/v1/user/profile
2025-01-12 12:58:28.696 [http-nio-8080-exec-10] INFO  c.k.i.configuration.JwtFilterConfig [] [anonymous] - Processing JWT filter for path: /api/v1/user/profile
2025-01-12 13:02:03.219 [http-nio-8080-exec-8] INFO  c.k.i.configuration.JwtFilterConfig [] [anonymous] - Skipping JWT filter for public path: /api/v1/auth/refresh
2025-01-12 13:02:03.238 [http-nio-8080-exec-8] INFO  c.k.ims.serviceImpl.JwtServiceImpl [] [anonymous] - Refresh token validated successfully for email: lenhatminhkhoi2@gmail.com
2025-01-12 13:02:03.251 [http-nio-8080-exec-8] INFO  c.k.ims.serviceImpl.JwtServiceImpl [] [anonymous] - Creating access token for user: lenhatminhkhoi2@gmail.com
2025-01-12 13:02:03.253 [http-nio-8080-exec-8] INFO  c.k.ims.serviceImpl.JwtServiceImpl [] [anonymous] - Access token created for user: lenhatminhkhoi2@gmail.com
2025-01-12 13:02:27.968 [http-nio-8080-exec-5] INFO  c.k.i.configuration.JwtFilterConfig [] [anonymous] - Skipping JWT filter for public path: /api/v1/auth/refresh
2025-01-12 13:02:27.976 [http-nio-8080-exec-5] INFO  c.k.ims.serviceImpl.JwtServiceImpl [] [anonymous] - Refresh token validated successfully for email: lenhatminhkhoi2@gmail.com
2025-01-12 13:02:27.984 [http-nio-8080-exec-5] INFO  c.k.ims.serviceImpl.JwtServiceImpl [] [anonymous] - Creating access token for user: lenhatminhkhoi2@gmail.com
2025-01-12 13:02:27.984 [http-nio-8080-exec-5] INFO  c.k.ims.serviceImpl.JwtServiceImpl [] [anonymous] - Access token created for user: lenhatminhkhoi2@gmail.com
2025-01-12 13:02:56.739 [SpringApplicationShutdownHook] INFO  com.zaxxer.hikari.HikariDataSource [] [anonymous] - HikariPool-1 - Shutdown initiated...
2025-01-12 13:02:56.747 [SpringApplicationShutdownHook] INFO  com.zaxxer.hikari.HikariDataSource [] [anonymous] - HikariPool-1 - Shutdown completed.
